(node:23453) DeprecationWarning: current Server Discovery and Monitoring engine is deprecated, and will be removed in a future version. To use the new Server Discover and Monitoring engine, pass option { useUnifiedTopology: true } to the MongoClient constructor.
TypeError: Cannot read property '_id' of undefined
    at tag.save (/home/historyadmin/Amazon_Scraper_King/backend/controllers/extension.js:196:61)
    at /home/historyadmin/Amazon_Scraper_King/backend/node_modules/mongoose/lib/model.js:4832:16
    at /home/historyadmin/Amazon_Scraper_King/backend/node_modules/mongoose/lib/helpers/promiseOrCallback.js:16:11
    at /home/historyadmin/Amazon_Scraper_King/backend/node_modules/mongoose/lib/model.js:4855:21
    at $__save.error (/home/historyadmin/Amazon_Scraper_King/backend/node_modules/mongoose/lib/model.js:494:16)
    at /home/historyadmin/Amazon_Scraper_King/backend/node_modules/kareem/index.js:246:48
    at next (/home/historyadmin/Amazon_Scraper_King/backend/node_modules/kareem/index.js:167:27)
    at next (/home/historyadmin/Amazon_Scraper_King/backend/node_modules/kareem/index.js:169:9)
    at Kareem.execPost (/home/historyadmin/Amazon_Scraper_King/backend/node_modules/kareem/index.js:217:3)
    at _handleWrapError (/home/historyadmin/Amazon_Scraper_King/backend/node_modules/kareem/index.js:245:21)
    at _cb (/home/historyadmin/Amazon_Scraper_King/backend/node_modules/kareem/index.js:304:16)
    at hooks.execPost (/home/historyadmin/Amazon_Scraper_King/backend/node_modules/mongoose/lib/model.js:344:9)
    at /home/historyadmin/Amazon_Scraper_King/backend/node_modules/kareem/index.js:135:16
    at process._tickCallback (internal/process/next_tick.js:61:11)
TypeError: Cannot read property '_id' of undefined
    at tag.save (/home/historyadmin/Amazon_Scraper_King/backend/controllers/extension.js:196:61)
    at /home/historyadmin/Amazon_Scraper_King/backend/node_modules/mongoose/lib/model.js:4832:16
    at /home/historyadmin/Amazon_Scraper_King/backend/node_modules/mongoose/lib/helpers/promiseOrCallback.js:16:11
    at /home/historyadmin/Amazon_Scraper_King/backend/node_modules/mongoose/lib/model.js:4855:21
    at $__save.error (/home/historyadmin/Amazon_Scraper_King/backend/node_modules/mongoose/lib/model.js:494:16)
    at /home/historyadmin/Amazon_Scraper_King/backend/node_modules/kareem/index.js:246:48
    at next (/home/historyadmin/Amazon_Scraper_King/backend/node_modules/kareem/index.js:167:27)
    at next (/home/historyadmin/Amazon_Scraper_King/backend/node_modules/kareem/index.js:169:9)
    at Kareem.execPost (/home/historyadmin/Amazon_Scraper_King/backend/node_modules/kareem/index.js:217:3)
    at _handleWrapError (/home/historyadmin/Amazon_Scraper_King/backend/node_modules/kareem/index.js:245:21)
    at _cb (/home/historyadmin/Amazon_Scraper_King/backend/node_modules/kareem/index.js:304:16)
    at hooks.execPost (/home/historyadmin/Amazon_Scraper_King/backend/node_modules/mongoose/lib/model.js:344:9)
    at /home/historyadmin/Amazon_Scraper_King/backend/node_modules/kareem/index.js:135:16
    at process._tickCallback (internal/process/next_tick.js:61:11)
TypeError: Cannot read property '_id' of undefined
    at tag.save (/home/historyadmin/Amazon_Scraper_King/backend/controllers/extension.js:196:61)
    at /home/historyadmin/Amazon_Scraper_King/backend/node_modules/mongoose/lib/model.js:4832:16
    at /home/historyadmin/Amazon_Scraper_King/backend/node_modules/mongoose/lib/helpers/promiseOrCallback.js:16:11
    at /home/historyadmin/Amazon_Scraper_King/backend/node_modules/mongoose/lib/model.js:4855:21
    at $__save.error (/home/historyadmin/Amazon_Scraper_King/backend/node_modules/mongoose/lib/model.js:494:16)
    at /home/historyadmin/Amazon_Scraper_King/backend/node_modules/kareem/index.js:246:48
    at next (/home/historyadmin/Amazon_Scraper_King/backend/node_modules/kareem/index.js:167:27)
    at next (/home/historyadmin/Amazon_Scraper_King/backend/node_modules/kareem/index.js:169:9)
    at Kareem.execPost (/home/historyadmin/Amazon_Scraper_King/backend/node_modules/kareem/index.js:217:3)
    at _handleWrapError (/home/historyadmin/Amazon_Scraper_King/backend/node_modules/kareem/index.js:245:21)
    at _cb (/home/historyadmin/Amazon_Scraper_King/backend/node_modules/kareem/index.js:304:16)
    at hooks.execPost (/home/historyadmin/Amazon_Scraper_King/backend/node_modules/mongoose/lib/model.js:344:9)
    at /home/historyadmin/Amazon_Scraper_King/backend/node_modules/kareem/index.js:135:16
    at process._tickCallback (internal/process/next_tick.js:61:11)
TypeError: Cannot read property '_id' of undefined
    at tag.save (/home/historyadmin/Amazon_Scraper_King/backend/controllers/extension.js:196:61)
    at /home/historyadmin/Amazon_Scraper_King/backend/node_modules/mongoose/lib/model.js:4832:16
    at /home/historyadmin/Amazon_Scraper_King/backend/node_modules/mongoose/lib/helpers/promiseOrCallback.js:16:11
    at /home/historyadmin/Amazon_Scraper_King/backend/node_modules/mongoose/lib/model.js:4855:21
    at $__save.error (/home/historyadmin/Amazon_Scraper_King/backend/node_modules/mongoose/lib/model.js:494:16)
    at /home/historyadmin/Amazon_Scraper_King/backend/node_modules/kareem/index.js:246:48
    at next (/home/historyadmin/Amazon_Scraper_King/backend/node_modules/kareem/index.js:167:27)
    at next (/home/historyadmin/Amazon_Scraper_King/backend/node_modules/kareem/index.js:169:9)
    at Kareem.execPost (/home/historyadmin/Amazon_Scraper_King/backend/node_modules/kareem/index.js:217:3)
    at _handleWrapError (/home/historyadmin/Amazon_Scraper_King/backend/node_modules/kareem/index.js:245:21)
    at _cb (/home/historyadmin/Amazon_Scraper_King/backend/node_modules/kareem/index.js:304:16)
    at hooks.execPost (/home/historyadmin/Amazon_Scraper_King/backend/node_modules/mongoose/lib/model.js:344:9)
    at /home/historyadmin/Amazon_Scraper_King/backend/node_modules/kareem/index.js:135:16
    at process._tickCallback (internal/process/next_tick.js:61:11)
TypeError: Cannot read property '_id' of undefined
    at tag.save (/home/historyadmin/Amazon_Scraper_King/backend/controllers/extension.js:196:61)
    at /home/historyadmin/Amazon_Scraper_King/backend/node_modules/mongoose/lib/model.js:4832:16
    at /home/historyadmin/Amazon_Scraper_King/backend/node_modules/mongoose/lib/helpers/promiseOrCallback.js:16:11
    at /home/historyadmin/Amazon_Scraper_King/backend/node_modules/mongoose/lib/model.js:4855:21
    at $__save.error (/home/historyadmin/Amazon_Scraper_King/backend/node_modules/mongoose/lib/model.js:494:16)
    at /home/historyadmin/Amazon_Scraper_King/backend/node_modules/kareem/index.js:246:48
    at next (/home/historyadmin/Amazon_Scraper_King/backend/node_modules/kareem/index.js:167:27)
    at next (/home/historyadmin/Amazon_Scraper_King/backend/node_modules/kareem/index.js:169:9)
    at Kareem.execPost (/home/historyadmin/Amazon_Scraper_King/backend/node_modules/kareem/index.js:217:3)
    at _handleWrapError (/home/historyadmin/Amazon_Scraper_King/backend/node_modules/kareem/index.js:245:21)
    at _cb (/home/historyadmin/Amazon_Scraper_King/backend/node_modules/kareem/index.js:304:16)
    at hooks.execPost (/home/historyadmin/Amazon_Scraper_King/backend/node_modules/mongoose/lib/model.js:344:9)
    at /home/historyadmin/Amazon_Scraper_King/backend/node_modules/kareem/index.js:135:16
    at process._tickCallback (internal/process/next_tick.js:61:11)
TypeError: Cannot read property '_id' of undefined
    at tag.save (/home/historyadmin/Amazon_Scraper_King/backend/controllers/extension.js:196:61)
    at /home/historyadmin/Amazon_Scraper_King/backend/node_modules/mongoose/lib/model.js:4832:16
    at /home/historyadmin/Amazon_Scraper_King/backend/node_modules/mongoose/lib/helpers/promiseOrCallback.js:16:11
    at /home/historyadmin/Amazon_Scraper_King/backend/node_modules/mongoose/lib/model.js:4855:21
    at $__save.error (/home/historyadmin/Amazon_Scraper_King/backend/node_modules/mongoose/lib/model.js:494:16)
    at /home/historyadmin/Amazon_Scraper_King/backend/node_modules/kareem/index.js:246:48
    at next (/home/historyadmin/Amazon_Scraper_King/backend/node_modules/kareem/index.js:167:27)
    at next (/home/historyadmin/Amazon_Scraper_King/backend/node_modules/kareem/index.js:169:9)
    at Kareem.execPost (/home/historyadmin/Amazon_Scraper_King/backend/node_modules/kareem/index.js:217:3)
    at _handleWrapError (/home/historyadmin/Amazon_Scraper_King/backend/node_modules/kareem/index.js:245:21)
    at _cb (/home/historyadmin/Amazon_Scraper_King/backend/node_modules/kareem/index.js:304:16)
    at hooks.execPost (/home/historyadmin/Amazon_Scraper_King/backend/node_modules/mongoose/lib/model.js:344:9)
    at /home/historyadmin/Amazon_Scraper_King/backend/node_modules/kareem/index.js:135:16
    at process._tickCallback (internal/process/next_tick.js:61:11)
TypeError: Cannot read property '_id' of undefined
    at tag.save (/home/historyadmin/Amazon_Scraper_King/backend/controllers/extension.js:196:61)
    at /home/historyadmin/Amazon_Scraper_King/backend/node_modules/mongoose/lib/model.js:4832:16
    at /home/historyadmin/Amazon_Scraper_King/backend/node_modules/mongoose/lib/helpers/promiseOrCallback.js:16:11
    at /home/historyadmin/Amazon_Scraper_King/backend/node_modules/mongoose/lib/model.js:4855:21
    at $__save.error (/home/historyadmin/Amazon_Scraper_King/backend/node_modules/mongoose/lib/model.js:494:16)
    at /home/historyadmin/Amazon_Scraper_King/backend/node_modules/kareem/index.js:246:48
    at next (/home/historyadmin/Amazon_Scraper_King/backend/node_modules/kareem/index.js:167:27)
    at next (/home/historyadmin/Amazon_Scraper_King/backend/node_modules/kareem/index.js:169:9)
    at Kareem.execPost (/home/historyadmin/Amazon_Scraper_King/backend/node_modules/kareem/index.js:217:3)
    at _handleWrapError (/home/historyadmin/Amazon_Scraper_King/backend/node_modules/kareem/index.js:245:21)
    at _cb (/home/historyadmin/Amazon_Scraper_King/backend/node_modules/kareem/index.js:304:16)
    at hooks.execPost (/home/historyadmin/Amazon_Scraper_King/backend/node_modules/mongoose/lib/model.js:344:9)
    at /home/historyadmin/Amazon_Scraper_King/backend/node_modules/kareem/index.js:135:16
    at process._tickCallback (internal/process/next_tick.js:61:11)
TypeError: Cannot read property '_id' of undefined
    at tag.save (/home/historyadmin/Amazon_Scraper_King/backend/controllers/extension.js:196:61)
    at /home/historyadmin/Amazon_Scraper_King/backend/node_modules/mongoose/lib/model.js:4832:16
    at /home/historyadmin/Amazon_Scraper_King/backend/node_modules/mongoose/lib/helpers/promiseOrCallback.js:16:11
    at /home/historyadmin/Amazon_Scraper_King/backend/node_modules/mongoose/lib/model.js:4855:21
    at $__save.error (/home/historyadmin/Amazon_Scraper_King/backend/node_modules/mongoose/lib/model.js:494:16)
    at /home/historyadmin/Amazon_Scraper_King/backend/node_modules/kareem/index.js:246:48
    at next (/home/historyadmin/Amazon_Scraper_King/backend/node_modules/kareem/index.js:167:27)
    at next (/home/historyadmin/Amazon_Scraper_King/backend/node_modules/kareem/index.js:169:9)
    at Kareem.execPost (/home/historyadmin/Amazon_Scraper_King/backend/node_modules/kareem/index.js:217:3)
    at _handleWrapError (/home/historyadmin/Amazon_Scraper_King/backend/node_modules/kareem/index.js:245:21)
    at _cb (/home/historyadmin/Amazon_Scraper_King/backend/node_modules/kareem/index.js:304:16)
    at hooks.execPost (/home/historyadmin/Amazon_Scraper_King/backend/node_modules/mongoose/lib/model.js:344:9)
    at /home/historyadmin/Amazon_Scraper_King/backend/node_modules/kareem/index.js:135:16
    at process._tickCallback (internal/process/next_tick.js:61:11)
TypeError: Cannot read property '_id' of undefined
    at tag.save (/home/historyadmin/Amazon_Scraper_King/backend/controllers/extension.js:196:61)
    at /home/historyadmin/Amazon_Scraper_King/backend/node_modules/mongoose/lib/model.js:4832:16
    at /home/historyadmin/Amazon_Scraper_King/backend/node_modules/mongoose/lib/helpers/promiseOrCallback.js:16:11
    at /home/historyadmin/Amazon_Scraper_King/backend/node_modules/mongoose/lib/model.js:4855:21
    at $__save.error (/home/historyadmin/Amazon_Scraper_King/backend/node_modules/mongoose/lib/model.js:494:16)
    at /home/historyadmin/Amazon_Scraper_King/backend/node_modules/kareem/index.js:246:48
    at next (/home/historyadmin/Amazon_Scraper_King/backend/node_modules/kareem/index.js:167:27)
    at next (/home/historyadmin/Amazon_Scraper_King/backend/node_modules/kareem/index.js:169:9)
    at Kareem.execPost (/home/historyadmin/Amazon_Scraper_King/backend/node_modules/kareem/index.js:217:3)
    at _handleWrapError (/home/historyadmin/Amazon_Scraper_King/backend/node_modules/kareem/index.js:245:21)
    at _cb (/home/historyadmin/Amazon_Scraper_King/backend/node_modules/kareem/index.js:304:16)
    at hooks.execPost (/home/historyadmin/Amazon_Scraper_King/backend/node_modules/mongoose/lib/model.js:344:9)
    at /home/historyadmin/Amazon_Scraper_King/backend/node_modules/kareem/index.js:135:16
    at process._tickCallback (internal/process/next_tick.js:61:11)
TypeError: Cannot read property '_id' of undefined
    at tag.save (/home/historyadmin/Amazon_Scraper_King/backend/controllers/extension.js:196:61)
    at /home/historyadmin/Amazon_Scraper_King/backend/node_modules/mongoose/lib/model.js:4832:16
    at /home/historyadmin/Amazon_Scraper_King/backend/node_modules/mongoose/lib/helpers/promiseOrCallback.js:16:11
    at /home/historyadmin/Amazon_Scraper_King/backend/node_modules/mongoose/lib/model.js:4855:21
    at $__save.error (/home/historyadmin/Amazon_Scraper_King/backend/node_modules/mongoose/lib/model.js:494:16)
    at /home/historyadmin/Amazon_Scraper_King/backend/node_modules/kareem/index.js:246:48
    at next (/home/historyadmin/Amazon_Scraper_King/backend/node_modules/kareem/index.js:167:27)
    at next (/home/historyadmin/Amazon_Scraper_King/backend/node_modules/kareem/index.js:169:9)
    at Kareem.execPost (/home/historyadmin/Amazon_Scraper_King/backend/node_modules/kareem/index.js:217:3)
    at _handleWrapError (/home/historyadmin/Amazon_Scraper_King/backend/node_modules/kareem/index.js:245:21)
    at _cb (/home/historyadmin/Amazon_Scraper_King/backend/node_modules/kareem/index.js:304:16)
    at hooks.execPost (/home/historyadmin/Amazon_Scraper_King/backend/node_modules/mongoose/lib/model.js:344:9)
    at /home/historyadmin/Amazon_Scraper_King/backend/node_modules/kareem/index.js:135:16
    at process._tickCallback (internal/process/next_tick.js:61:11)
TypeError: Cannot read property '_id' of undefined
    at tag.save (/home/historyadmin/Amazon_Scraper_King/backend/controllers/extension.js:196:61)
    at /home/historyadmin/Amazon_Scraper_King/backend/node_modules/mongoose/lib/model.js:4832:16
    at /home/historyadmin/Amazon_Scraper_King/backend/node_modules/mongoose/lib/helpers/promiseOrCallback.js:16:11
    at /home/historyadmin/Amazon_Scraper_King/backend/node_modules/mongoose/lib/model.js:4855:21
    at $__save.error (/home/historyadmin/Amazon_Scraper_King/backend/node_modules/mongoose/lib/model.js:494:16)
    at /home/historyadmin/Amazon_Scraper_King/backend/node_modules/kareem/index.js:246:48
    at next (/home/historyadmin/Amazon_Scraper_King/backend/node_modules/kareem/index.js:167:27)
    at next (/home/historyadmin/Amazon_Scraper_King/backend/node_modules/kareem/index.js:169:9)
    at Kareem.execPost (/home/historyadmin/Amazon_Scraper_King/backend/node_modules/kareem/index.js:217:3)
    at _handleWrapError (/home/historyadmin/Amazon_Scraper_King/backend/node_modules/kareem/index.js:245:21)
    at _cb (/home/historyadmin/Amazon_Scraper_King/backend/node_modules/kareem/index.js:304:16)
    at hooks.execPost (/home/historyadmin/Amazon_Scraper_King/backend/node_modules/mongoose/lib/model.js:344:9)
    at /home/historyadmin/Amazon_Scraper_King/backend/node_modules/kareem/index.js:135:16
    at process._tickCallback (internal/process/next_tick.js:61:11)
TypeError: Cannot read property '_id' of undefined
    at tag.save (/home/historyadmin/Amazon_Scraper_King/backend/controllers/extension.js:196:61)
    at /home/historyadmin/Amazon_Scraper_King/backend/node_modules/mongoose/lib/model.js:4832:16
    at /home/historyadmin/Amazon_Scraper_King/backend/node_modules/mongoose/lib/helpers/promiseOrCallback.js:16:11
    at /home/historyadmin/Amazon_Scraper_King/backend/node_modules/mongoose/lib/model.js:4855:21
    at $__save.error (/home/historyadmin/Amazon_Scraper_King/backend/node_modules/mongoose/lib/model.js:494:16)
    at /home/historyadmin/Amazon_Scraper_King/backend/node_modules/kareem/index.js:246:48
    at next (/home/historyadmin/Amazon_Scraper_King/backend/node_modules/kareem/index.js:167:27)
    at next (/home/historyadmin/Amazon_Scraper_King/backend/node_modules/kareem/index.js:169:9)
    at Kareem.execPost (/home/historyadmin/Amazon_Scraper_King/backend/node_modules/kareem/index.js:217:3)
    at _handleWrapError (/home/historyadmin/Amazon_Scraper_King/backend/node_modules/kareem/index.js:245:21)
    at _cb (/home/historyadmin/Amazon_Scraper_King/backend/node_modules/kareem/index.js:304:16)
    at hooks.execPost (/home/historyadmin/Amazon_Scraper_King/backend/node_modules/mongoose/lib/model.js:344:9)
    at /home/historyadmin/Amazon_Scraper_King/backend/node_modules/kareem/index.js:135:16
    at process._tickCallback (internal/process/next_tick.js:61:11)
TypeError: Cannot read property '_id' of undefined
    at tag.save (/home/historyadmin/Amazon_Scraper_King/backend/controllers/extension.js:196:61)
    at /home/historyadmin/Amazon_Scraper_King/backend/node_modules/mongoose/lib/model.js:4832:16
    at /home/historyadmin/Amazon_Scraper_King/backend/node_modules/mongoose/lib/helpers/promiseOrCallback.js:16:11
    at /home/historyadmin/Amazon_Scraper_King/backend/node_modules/mongoose/lib/model.js:4855:21
    at $__save.error (/home/historyadmin/Amazon_Scraper_King/backend/node_modules/mongoose/lib/model.js:494:16)
    at /home/historyadmin/Amazon_Scraper_King/backend/node_modules/kareem/index.js:246:48
    at next (/home/historyadmin/Amazon_Scraper_King/backend/node_modules/kareem/index.js:167:27)
    at next (/home/historyadmin/Amazon_Scraper_King/backend/node_modules/kareem/index.js:169:9)
    at Kareem.execPost (/home/historyadmin/Amazon_Scraper_King/backend/node_modules/kareem/index.js:217:3)
    at _handleWrapError (/home/historyadmin/Amazon_Scraper_King/backend/node_modules/kareem/index.js:245:21)
    at _cb (/home/historyadmin/Amazon_Scraper_King/backend/node_modules/kareem/index.js:304:16)
    at hooks.execPost (/home/historyadmin/Amazon_Scraper_King/backend/node_modules/mongoose/lib/model.js:344:9)
    at /home/historyadmin/Amazon_Scraper_King/backend/node_modules/kareem/index.js:135:16
    at process._tickCallback (internal/process/next_tick.js:61:11)
TypeError: Cannot read property '_id' of undefined
    at tag.save (/home/historyadmin/Amazon_Scraper_King/backend/controllers/extension.js:196:61)
    at /home/historyadmin/Amazon_Scraper_King/backend/node_modules/mongoose/lib/model.js:4832:16
    at /home/historyadmin/Amazon_Scraper_King/backend/node_modules/mongoose/lib/helpers/promiseOrCallback.js:16:11
    at /home/historyadmin/Amazon_Scraper_King/backend/node_modules/mongoose/lib/model.js:4855:21
    at $__save.error (/home/historyadmin/Amazon_Scraper_King/backend/node_modules/mongoose/lib/model.js:494:16)
    at /home/historyadmin/Amazon_Scraper_King/backend/node_modules/kareem/index.js:246:48
    at next (/home/historyadmin/Amazon_Scraper_King/backend/node_modules/kareem/index.js:167:27)
    at next (/home/historyadmin/Amazon_Scraper_King/backend/node_modules/kareem/index.js:169:9)
    at Kareem.execPost (/home/historyadmin/Amazon_Scraper_King/backend/node_modules/kareem/index.js:217:3)
    at _handleWrapError (/home/historyadmin/Amazon_Scraper_King/backend/node_modules/kareem/index.js:245:21)
    at _cb (/home/historyadmin/Amazon_Scraper_King/backend/node_modules/kareem/index.js:304:16)
    at hooks.execPost (/home/historyadmin/Amazon_Scraper_King/backend/node_modules/mongoose/lib/model.js:344:9)
    at /home/historyadmin/Amazon_Scraper_King/backend/node_modules/kareem/index.js:135:16
    at process._tickCallback (internal/process/next_tick.js:61:11)
TypeError: Cannot read property '_id' of undefined
    at tag.save (/home/historyadmin/Amazon_Scraper_King/backend/controllers/extension.js:196:61)
    at /home/historyadmin/Amazon_Scraper_King/backend/node_modules/mongoose/lib/model.js:4832:16
    at /home/historyadmin/Amazon_Scraper_King/backend/node_modules/mongoose/lib/helpers/promiseOrCallback.js:16:11
    at /home/historyadmin/Amazon_Scraper_King/backend/node_modules/mongoose/lib/model.js:4855:21
    at $__save.error (/home/historyadmin/Amazon_Scraper_King/backend/node_modules/mongoose/lib/model.js:494:16)
    at /home/historyadmin/Amazon_Scraper_King/backend/node_modules/kareem/index.js:246:48
    at next (/home/historyadmin/Amazon_Scraper_King/backend/node_modules/kareem/index.js:167:27)
    at next (/home/historyadmin/Amazon_Scraper_King/backend/node_modules/kareem/index.js:169:9)
    at Kareem.execPost (/home/historyadmin/Amazon_Scraper_King/backend/node_modules/kareem/index.js:217:3)
    at _handleWrapError (/home/historyadmin/Amazon_Scraper_King/backend/node_modules/kareem/index.js:245:21)
    at _cb (/home/historyadmin/Amazon_Scraper_King/backend/node_modules/kareem/index.js:304:16)
    at hooks.execPost (/home/historyadmin/Amazon_Scraper_King/backend/node_modules/mongoose/lib/model.js:344:9)
    at /home/historyadmin/Amazon_Scraper_King/backend/node_modules/kareem/index.js:135:16
    at process._tickCallback (internal/process/next_tick.js:61:11)
TypeError: Cannot read property '_id' of undefined
    at tag.save (/home/historyadmin/Amazon_Scraper_King/backend/controllers/extension.js:196:61)
    at /home/historyadmin/Amazon_Scraper_King/backend/node_modules/mongoose/lib/model.js:4832:16
    at /home/historyadmin/Amazon_Scraper_King/backend/node_modules/mongoose/lib/helpers/promiseOrCallback.js:16:11
    at /home/historyadmin/Amazon_Scraper_King/backend/node_modules/mongoose/lib/model.js:4855:21
    at $__save.error (/home/historyadmin/Amazon_Scraper_King/backend/node_modules/mongoose/lib/model.js:494:16)
    at /home/historyadmin/Amazon_Scraper_King/backend/node_modules/kareem/index.js:246:48
    at next (/home/historyadmin/Amazon_Scraper_King/backend/node_modules/kareem/index.js:167:27)
    at next (/home/historyadmin/Amazon_Scraper_King/backend/node_modules/kareem/index.js:169:9)
    at Kareem.execPost (/home/historyadmin/Amazon_Scraper_King/backend/node_modules/kareem/index.js:217:3)
    at _handleWrapError (/home/historyadmin/Amazon_Scraper_King/backend/node_modules/kareem/index.js:245:21)
    at _cb (/home/historyadmin/Amazon_Scraper_King/backend/node_modules/kareem/index.js:304:16)
    at hooks.execPost (/home/historyadmin/Amazon_Scraper_King/backend/node_modules/mongoose/lib/model.js:344:9)
    at /home/historyadmin/Amazon_Scraper_King/backend/node_modules/kareem/index.js:135:16
    at process._tickCallback (internal/process/next_tick.js:61:11)
TypeError: Cannot read property '_id' of undefined
    at tag.save (/home/historyadmin/Amazon_Scraper_King/backend/controllers/extension.js:196:61)
    at /home/historyadmin/Amazon_Scraper_King/backend/node_modules/mongoose/lib/model.js:4832:16
    at /home/historyadmin/Amazon_Scraper_King/backend/node_modules/mongoose/lib/helpers/promiseOrCallback.js:16:11
    at /home/historyadmin/Amazon_Scraper_King/backend/node_modules/mongoose/lib/model.js:4855:21
    at $__save.error (/home/historyadmin/Amazon_Scraper_King/backend/node_modules/mongoose/lib/model.js:494:16)
    at /home/historyadmin/Amazon_Scraper_King/backend/node_modules/kareem/index.js:246:48
    at next (/home/historyadmin/Amazon_Scraper_King/backend/node_modules/kareem/index.js:167:27)
    at next (/home/historyadmin/Amazon_Scraper_King/backend/node_modules/kareem/index.js:169:9)
    at Kareem.execPost (/home/historyadmin/Amazon_Scraper_King/backend/node_modules/kareem/index.js:217:3)
    at _handleWrapError (/home/historyadmin/Amazon_Scraper_King/backend/node_modules/kareem/index.js:245:21)
    at _cb (/home/historyadmin/Amazon_Scraper_King/backend/node_modules/kareem/index.js:304:16)
    at hooks.execPost (/home/historyadmin/Amazon_Scraper_King/backend/node_modules/mongoose/lib/model.js:344:9)
    at /home/historyadmin/Amazon_Scraper_King/backend/node_modules/kareem/index.js:135:16
    at process._tickCallback (internal/process/next_tick.js:61:11)
TypeError: Cannot read property '_id' of undefined
    at tag.save (/home/historyadmin/Amazon_Scraper_King/backend/controllers/extension.js:196:61)
    at /home/historyadmin/Amazon_Scraper_King/backend/node_modules/mongoose/lib/model.js:4832:16
    at /home/historyadmin/Amazon_Scraper_King/backend/node_modules/mongoose/lib/helpers/promiseOrCallback.js:16:11
    at /home/historyadmin/Amazon_Scraper_King/backend/node_modules/mongoose/lib/model.js:4855:21
    at $__save.error (/home/historyadmin/Amazon_Scraper_King/backend/node_modules/mongoose/lib/model.js:494:16)
    at /home/historyadmin/Amazon_Scraper_King/backend/node_modules/kareem/index.js:246:48
    at next (/home/historyadmin/Amazon_Scraper_King/backend/node_modules/kareem/index.js:167:27)
    at next (/home/historyadmin/Amazon_Scraper_King/backend/node_modules/kareem/index.js:169:9)
    at Kareem.execPost (/home/historyadmin/Amazon_Scraper_King/backend/node_modules/kareem/index.js:217:3)
    at _handleWrapError (/home/historyadmin/Amazon_Scraper_King/backend/node_modules/kareem/index.js:245:21)
    at _cb (/home/historyadmin/Amazon_Scraper_King/backend/node_modules/kareem/index.js:304:16)
    at hooks.execPost (/home/historyadmin/Amazon_Scraper_King/backend/node_modules/mongoose/lib/model.js:344:9)
    at /home/historyadmin/Amazon_Scraper_King/backend/node_modules/kareem/index.js:135:16
    at process._tickCallback (internal/process/next_tick.js:61:11)
TypeError: Cannot read property '_id' of undefined
    at tag.save (/home/historyadmin/Amazon_Scraper_King/backend/controllers/extension.js:196:61)
    at /home/historyadmin/Amazon_Scraper_King/backend/node_modules/mongoose/lib/model.js:4832:16
    at /home/historyadmin/Amazon_Scraper_King/backend/node_modules/mongoose/lib/helpers/promiseOrCallback.js:16:11
    at /home/historyadmin/Amazon_Scraper_King/backend/node_modules/mongoose/lib/model.js:4855:21
    at $__save.error (/home/historyadmin/Amazon_Scraper_King/backend/node_modules/mongoose/lib/model.js:494:16)
    at /home/historyadmin/Amazon_Scraper_King/backend/node_modules/kareem/index.js:246:48
    at next (/home/historyadmin/Amazon_Scraper_King/backend/node_modules/kareem/index.js:167:27)
    at next (/home/historyadmin/Amazon_Scraper_King/backend/node_modules/kareem/index.js:169:9)
    at Kareem.execPost (/home/historyadmin/Amazon_Scraper_King/backend/node_modules/kareem/index.js:217:3)
    at _handleWrapError (/home/historyadmin/Amazon_Scraper_King/backend/node_modules/kareem/index.js:245:21)
    at _cb (/home/historyadmin/Amazon_Scraper_King/backend/node_modules/kareem/index.js:304:16)
    at hooks.execPost (/home/historyadmin/Amazon_Scraper_King/backend/node_modules/mongoose/lib/model.js:344:9)
    at /home/historyadmin/Amazon_Scraper_King/backend/node_modules/kareem/index.js:135:16
    at process._tickCallback (internal/process/next_tick.js:61:11)
TypeError: Cannot read property '_id' of undefined
    at tag.save (/home/historyadmin/Amazon_Scraper_King/backend/controllers/extension.js:196:61)
    at /home/historyadmin/Amazon_Scraper_King/backend/node_modules/mongoose/lib/model.js:4832:16
    at /home/historyadmin/Amazon_Scraper_King/backend/node_modules/mongoose/lib/helpers/promiseOrCallback.js:16:11
    at /home/historyadmin/Amazon_Scraper_King/backend/node_modules/mongoose/lib/model.js:4855:21
    at $__save.error (/home/historyadmin/Amazon_Scraper_King/backend/node_modules/mongoose/lib/model.js:494:16)
    at /home/historyadmin/Amazon_Scraper_King/backend/node_modules/kareem/index.js:246:48
    at next (/home/historyadmin/Amazon_Scraper_King/backend/node_modules/kareem/index.js:167:27)
    at next (/home/historyadmin/Amazon_Scraper_King/backend/node_modules/kareem/index.js:169:9)
    at Kareem.execPost (/home/historyadmin/Amazon_Scraper_King/backend/node_modules/kareem/index.js:217:3)
    at _handleWrapError (/home/historyadmin/Amazon_Scraper_King/backend/node_modules/kareem/index.js:245:21)
    at _cb (/home/historyadmin/Amazon_Scraper_King/backend/node_modules/kareem/index.js:304:16)
    at hooks.execPost (/home/historyadmin/Amazon_Scraper_King/backend/node_modules/mongoose/lib/model.js:344:9)
    at /home/historyadmin/Amazon_Scraper_King/backend/node_modules/kareem/index.js:135:16
    at process._tickCallback (internal/process/next_tick.js:61:11)
TypeError: Cannot read property '_id' of undefined
    at tag.save (/home/historyadmin/Amazon_Scraper_King/backend/controllers/extension.js:196:61)
    at /home/historyadmin/Amazon_Scraper_King/backend/node_modules/mongoose/lib/model.js:4832:16
    at /home/historyadmin/Amazon_Scraper_King/backend/node_modules/mongoose/lib/helpers/promiseOrCallback.js:16:11
    at /home/historyadmin/Amazon_Scraper_King/backend/node_modules/mongoose/lib/model.js:4855:21
    at $__save.error (/home/historyadmin/Amazon_Scraper_King/backend/node_modules/mongoose/lib/model.js:494:16)
    at /home/historyadmin/Amazon_Scraper_King/backend/node_modules/kareem/index.js:246:48
    at next (/home/historyadmin/Amazon_Scraper_King/backend/node_modules/kareem/index.js:167:27)
    at next (/home/historyadmin/Amazon_Scraper_King/backend/node_modules/kareem/index.js:169:9)
    at Kareem.execPost (/home/historyadmin/Amazon_Scraper_King/backend/node_modules/kareem/index.js:217:3)
    at _handleWrapError (/home/historyadmin/Amazon_Scraper_King/backend/node_modules/kareem/index.js:245:21)
    at _cb (/home/historyadmin/Amazon_Scraper_King/backend/node_modules/kareem/index.js:304:16)
    at hooks.execPost (/home/historyadmin/Amazon_Scraper_King/backend/node_modules/mongoose/lib/model.js:344:9)
    at /home/historyadmin/Amazon_Scraper_King/backend/node_modules/kareem/index.js:135:16
    at process._tickCallback (internal/process/next_tick.js:61:11)
TypeError: Cannot read property '_id' of undefined
    at tag.save (/home/historyadmin/Amazon_Scraper_King/backend/controllers/extension.js:196:61)
    at /home/historyadmin/Amazon_Scraper_King/backend/node_modules/mongoose/lib/model.js:4832:16
    at /home/historyadmin/Amazon_Scraper_King/backend/node_modules/mongoose/lib/helpers/promiseOrCallback.js:16:11
    at /home/historyadmin/Amazon_Scraper_King/backend/node_modules/mongoose/lib/model.js:4855:21
    at $__save.error (/home/historyadmin/Amazon_Scraper_King/backend/node_modules/mongoose/lib/model.js:494:16)
    at /home/historyadmin/Amazon_Scraper_King/backend/node_modules/kareem/index.js:246:48
    at next (/home/historyadmin/Amazon_Scraper_King/backend/node_modules/kareem/index.js:167:27)
    at next (/home/historyadmin/Amazon_Scraper_King/backend/node_modules/kareem/index.js:169:9)
    at Kareem.execPost (/home/historyadmin/Amazon_Scraper_King/backend/node_modules/kareem/index.js:217:3)
    at _handleWrapError (/home/historyadmin/Amazon_Scraper_King/backend/node_modules/kareem/index.js:245:21)
    at _cb (/home/historyadmin/Amazon_Scraper_King/backend/node_modules/kareem/index.js:304:16)
    at hooks.execPost (/home/historyadmin/Amazon_Scraper_King/backend/node_modules/mongoose/lib/model.js:344:9)
    at /home/historyadmin/Amazon_Scraper_King/backend/node_modules/kareem/index.js:135:16
    at process._tickCallback (internal/process/next_tick.js:61:11)
TypeError: Cannot read property '_id' of undefined
    at tag.save (/home/historyadmin/Amazon_Scraper_King/backend/controllers/extension.js:196:61)
    at /home/historyadmin/Amazon_Scraper_King/backend/node_modules/mongoose/lib/model.js:4832:16
    at /home/historyadmin/Amazon_Scraper_King/backend/node_modules/mongoose/lib/helpers/promiseOrCallback.js:16:11
    at /home/historyadmin/Amazon_Scraper_King/backend/node_modules/mongoose/lib/model.js:4855:21
    at $__save.error (/home/historyadmin/Amazon_Scraper_King/backend/node_modules/mongoose/lib/model.js:494:16)
    at /home/historyadmin/Amazon_Scraper_King/backend/node_modules/kareem/index.js:246:48
    at next (/home/historyadmin/Amazon_Scraper_King/backend/node_modules/kareem/index.js:167:27)
    at next (/home/historyadmin/Amazon_Scraper_King/backend/node_modules/kareem/index.js:169:9)
    at Kareem.execPost (/home/historyadmin/Amazon_Scraper_King/backend/node_modules/kareem/index.js:217:3)
    at _handleWrapError (/home/historyadmin/Amazon_Scraper_King/backend/node_modules/kareem/index.js:245:21)
    at _cb (/home/historyadmin/Amazon_Scraper_King/backend/node_modules/kareem/index.js:304:16)
    at hooks.execPost (/home/historyadmin/Amazon_Scraper_King/backend/node_modules/mongoose/lib/model.js:344:9)
    at /home/historyadmin/Amazon_Scraper_King/backend/node_modules/kareem/index.js:135:16
    at process._tickCallback (internal/process/next_tick.js:61:11)
TypeError: Cannot read property '_id' of undefined
    at tag.save (/home/historyadmin/Amazon_Scraper_King/backend/controllers/extension.js:196:61)
    at /home/historyadmin/Amazon_Scraper_King/backend/node_modules/mongoose/lib/model.js:4832:16
    at /home/historyadmin/Amazon_Scraper_King/backend/node_modules/mongoose/lib/helpers/promiseOrCallback.js:16:11
    at /home/historyadmin/Amazon_Scraper_King/backend/node_modules/mongoose/lib/model.js:4855:21
    at $__save.error (/home/historyadmin/Amazon_Scraper_King/backend/node_modules/mongoose/lib/model.js:494:16)
    at /home/historyadmin/Amazon_Scraper_King/backend/node_modules/kareem/index.js:246:48
    at next (/home/historyadmin/Amazon_Scraper_King/backend/node_modules/kareem/index.js:167:27)
    at next (/home/historyadmin/Amazon_Scraper_King/backend/node_modules/kareem/index.js:169:9)
    at Kareem.execPost (/home/historyadmin/Amazon_Scraper_King/backend/node_modules/kareem/index.js:217:3)
    at _handleWrapError (/home/historyadmin/Amazon_Scraper_King/backend/node_modules/kareem/index.js:245:21)
    at _cb (/home/historyadmin/Amazon_Scraper_King/backend/node_modules/kareem/index.js:304:16)
    at hooks.execPost (/home/historyadmin/Amazon_Scraper_King/backend/node_modules/mongoose/lib/model.js:344:9)
    at /home/historyadmin/Amazon_Scraper_King/backend/node_modules/kareem/index.js:135:16
    at process._tickCallback (internal/process/next_tick.js:61:11)
TypeError: Cannot read property '_id' of undefined
    at tag.save (/home/historyadmin/Amazon_Scraper_King/backend/controllers/extension.js:196:61)
    at /home/historyadmin/Amazon_Scraper_King/backend/node_modules/mongoose/lib/model.js:4832:16
    at /home/historyadmin/Amazon_Scraper_King/backend/node_modules/mongoose/lib/helpers/promiseOrCallback.js:16:11
    at /home/historyadmin/Amazon_Scraper_King/backend/node_modules/mongoose/lib/model.js:4855:21
    at $__save.error (/home/historyadmin/Amazon_Scraper_King/backend/node_modules/mongoose/lib/model.js:494:16)
    at /home/historyadmin/Amazon_Scraper_King/backend/node_modules/kareem/index.js:246:48
    at next (/home/historyadmin/Amazon_Scraper_King/backend/node_modules/kareem/index.js:167:27)
    at next (/home/historyadmin/Amazon_Scraper_King/backend/node_modules/kareem/index.js:169:9)
    at Kareem.execPost (/home/historyadmin/Amazon_Scraper_King/backend/node_modules/kareem/index.js:217:3)
    at _handleWrapError (/home/historyadmin/Amazon_Scraper_King/backend/node_modules/kareem/index.js:245:21)
    at _cb (/home/historyadmin/Amazon_Scraper_King/backend/node_modules/kareem/index.js:304:16)
    at hooks.execPost (/home/historyadmin/Amazon_Scraper_King/backend/node_modules/mongoose/lib/model.js:344:9)
    at /home/historyadmin/Amazon_Scraper_King/backend/node_modules/kareem/index.js:135:16
    at process._tickCallback (internal/process/next_tick.js:61:11)
TypeError: Cannot read property '_id' of undefined
    at tag.save (/home/historyadmin/Amazon_Scraper_King/backend/controllers/extension.js:196:61)
    at /home/historyadmin/Amazon_Scraper_King/backend/node_modules/mongoose/lib/model.js:4832:16
    at /home/historyadmin/Amazon_Scraper_King/backend/node_modules/mongoose/lib/helpers/promiseOrCallback.js:16:11
    at /home/historyadmin/Amazon_Scraper_King/backend/node_modules/mongoose/lib/model.js:4855:21
    at $__save.error (/home/historyadmin/Amazon_Scraper_King/backend/node_modules/mongoose/lib/model.js:494:16)
    at /home/historyadmin/Amazon_Scraper_King/backend/node_modules/kareem/index.js:246:48
    at next (/home/historyadmin/Amazon_Scraper_King/backend/node_modules/kareem/index.js:167:27)
    at next (/home/historyadmin/Amazon_Scraper_King/backend/node_modules/kareem/index.js:169:9)
    at Kareem.execPost (/home/historyadmin/Amazon_Scraper_King/backend/node_modules/kareem/index.js:217:3)
    at _handleWrapError (/home/historyadmin/Amazon_Scraper_King/backend/node_modules/kareem/index.js:245:21)
    at _cb (/home/historyadmin/Amazon_Scraper_King/backend/node_modules/kareem/index.js:304:16)
    at hooks.execPost (/home/historyadmin/Amazon_Scraper_King/backend/node_modules/mongoose/lib/model.js:344:9)
    at /home/historyadmin/Amazon_Scraper_King/backend/node_modules/kareem/index.js:135:16
    at process._tickCallback (internal/process/next_tick.js:61:11)
TypeError: Cannot read property '_id' of undefined
    at tag.save (/home/historyadmin/Amazon_Scraper_King/backend/controllers/extension.js:196:61)
    at /home/historyadmin/Amazon_Scraper_King/backend/node_modules/mongoose/lib/model.js:4832:16
    at /home/historyadmin/Amazon_Scraper_King/backend/node_modules/mongoose/lib/helpers/promiseOrCallback.js:16:11
    at /home/historyadmin/Amazon_Scraper_King/backend/node_modules/mongoose/lib/model.js:4855:21
    at $__save.error (/home/historyadmin/Amazon_Scraper_King/backend/node_modules/mongoose/lib/model.js:494:16)
    at /home/historyadmin/Amazon_Scraper_King/backend/node_modules/kareem/index.js:246:48
    at next (/home/historyadmin/Amazon_Scraper_King/backend/node_modules/kareem/index.js:167:27)
    at next (/home/historyadmin/Amazon_Scraper_King/backend/node_modules/kareem/index.js:169:9)
    at Kareem.execPost (/home/historyadmin/Amazon_Scraper_King/backend/node_modules/kareem/index.js:217:3)
    at _handleWrapError (/home/historyadmin/Amazon_Scraper_King/backend/node_modules/kareem/index.js:245:21)
    at _cb (/home/historyadmin/Amazon_Scraper_King/backend/node_modules/kareem/index.js:304:16)
    at hooks.execPost (/home/historyadmin/Amazon_Scraper_King/backend/node_modules/mongoose/lib/model.js:344:9)
    at /home/historyadmin/Amazon_Scraper_King/backend/node_modules/kareem/index.js:135:16
    at process._tickCallback (internal/process/next_tick.js:61:11)
TypeError: Cannot read property '_id' of undefined
    at tag.save (/home/historyadmin/Amazon_Scraper_King/backend/controllers/extension.js:196:61)
    at /home/historyadmin/Amazon_Scraper_King/backend/node_modules/mongoose/lib/model.js:4832:16
    at /home/historyadmin/Amazon_Scraper_King/backend/node_modules/mongoose/lib/helpers/promiseOrCallback.js:16:11
    at /home/historyadmin/Amazon_Scraper_King/backend/node_modules/mongoose/lib/model.js:4855:21
    at $__save.error (/home/historyadmin/Amazon_Scraper_King/backend/node_modules/mongoose/lib/model.js:494:16)
    at /home/historyadmin/Amazon_Scraper_King/backend/node_modules/kareem/index.js:246:48
    at next (/home/historyadmin/Amazon_Scraper_King/backend/node_modules/kareem/index.js:167:27)
    at next (/home/historyadmin/Amazon_Scraper_King/backend/node_modules/kareem/index.js:169:9)
    at Kareem.execPost (/home/historyadmin/Amazon_Scraper_King/backend/node_modules/kareem/index.js:217:3)
    at _handleWrapError (/home/historyadmin/Amazon_Scraper_King/backend/node_modules/kareem/index.js:245:21)
    at _cb (/home/historyadmin/Amazon_Scraper_King/backend/node_modules/kareem/index.js:304:16)
    at hooks.execPost (/home/historyadmin/Amazon_Scraper_King/backend/node_modules/mongoose/lib/model.js:344:9)
    at /home/historyadmin/Amazon_Scraper_King/backend/node_modules/kareem/index.js:135:16
    at process._tickCallback (internal/process/next_tick.js:61:11)
TypeError: Cannot read property '_id' of undefined
    at tag.save (/home/historyadmin/Amazon_Scraper_King/backend/controllers/extension.js:196:61)
    at /home/historyadmin/Amazon_Scraper_King/backend/node_modules/mongoose/lib/model.js:4832:16
    at /home/historyadmin/Amazon_Scraper_King/backend/node_modules/mongoose/lib/helpers/promiseOrCallback.js:16:11
    at /home/historyadmin/Amazon_Scraper_King/backend/node_modules/mongoose/lib/model.js:4855:21
    at $__save.error (/home/historyadmin/Amazon_Scraper_King/backend/node_modules/mongoose/lib/model.js:494:16)
    at /home/historyadmin/Amazon_Scraper_King/backend/node_modules/kareem/index.js:246:48
    at next (/home/historyadmin/Amazon_Scraper_King/backend/node_modules/kareem/index.js:167:27)
    at next (/home/historyadmin/Amazon_Scraper_King/backend/node_modules/kareem/index.js:169:9)
    at Kareem.execPost (/home/historyadmin/Amazon_Scraper_King/backend/node_modules/kareem/index.js:217:3)
    at _handleWrapError (/home/historyadmin/Amazon_Scraper_King/backend/node_modules/kareem/index.js:245:21)
    at _cb (/home/historyadmin/Amazon_Scraper_King/backend/node_modules/kareem/index.js:304:16)
    at hooks.execPost (/home/historyadmin/Amazon_Scraper_King/backend/node_modules/mongoose/lib/model.js:344:9)
    at /home/historyadmin/Amazon_Scraper_King/backend/node_modules/kareem/index.js:135:16
    at process._tickCallback (internal/process/next_tick.js:61:11)
TypeError: Cannot read property '_id' of undefined
    at tag.save (/home/historyadmin/Amazon_Scraper_King/backend/controllers/extension.js:196:61)
    at /home/historyadmin/Amazon_Scraper_King/backend/node_modules/mongoose/lib/model.js:4832:16
    at /home/historyadmin/Amazon_Scraper_King/backend/node_modules/mongoose/lib/helpers/promiseOrCallback.js:16:11
    at /home/historyadmin/Amazon_Scraper_King/backend/node_modules/mongoose/lib/model.js:4855:21
    at $__save.error (/home/historyadmin/Amazon_Scraper_King/backend/node_modules/mongoose/lib/model.js:494:16)
    at /home/historyadmin/Amazon_Scraper_King/backend/node_modules/kareem/index.js:246:48
    at next (/home/historyadmin/Amazon_Scraper_King/backend/node_modules/kareem/index.js:167:27)
    at next (/home/historyadmin/Amazon_Scraper_King/backend/node_modules/kareem/index.js:169:9)
    at Kareem.execPost (/home/historyadmin/Amazon_Scraper_King/backend/node_modules/kareem/index.js:217:3)
    at _handleWrapError (/home/historyadmin/Amazon_Scraper_King/backend/node_modules/kareem/index.js:245:21)
    at _cb (/home/historyadmin/Amazon_Scraper_King/backend/node_modules/kareem/index.js:304:16)
    at hooks.execPost (/home/historyadmin/Amazon_Scraper_King/backend/node_modules/mongoose/lib/model.js:344:9)
    at /home/historyadmin/Amazon_Scraper_King/backend/node_modules/kareem/index.js:135:16
    at process._tickCallback (internal/process/next_tick.js:61:11)
TypeError: Cannot read property '_id' of undefined
    at tag.save (/home/historyadmin/Amazon_Scraper_King/backend/controllers/extension.js:196:61)
    at /home/historyadmin/Amazon_Scraper_King/backend/node_modules/mongoose/lib/model.js:4832:16
    at /home/historyadmin/Amazon_Scraper_King/backend/node_modules/mongoose/lib/helpers/promiseOrCallback.js:16:11
    at /home/historyadmin/Amazon_Scraper_King/backend/node_modules/mongoose/lib/model.js:4855:21
    at $__save.error (/home/historyadmin/Amazon_Scraper_King/backend/node_modules/mongoose/lib/model.js:494:16)
    at /home/historyadmin/Amazon_Scraper_King/backend/node_modules/kareem/index.js:246:48
    at next (/home/historyadmin/Amazon_Scraper_King/backend/node_modules/kareem/index.js:167:27)
    at next (/home/historyadmin/Amazon_Scraper_King/backend/node_modules/kareem/index.js:169:9)
    at Kareem.execPost (/home/historyadmin/Amazon_Scraper_King/backend/node_modules/kareem/index.js:217:3)
    at _handleWrapError (/home/historyadmin/Amazon_Scraper_King/backend/node_modules/kareem/index.js:245:21)
    at _cb (/home/historyadmin/Amazon_Scraper_King/backend/node_modules/kareem/index.js:304:16)
    at hooks.execPost (/home/historyadmin/Amazon_Scraper_King/backend/node_modules/mongoose/lib/model.js:344:9)
    at /home/historyadmin/Amazon_Scraper_King/backend/node_modules/kareem/index.js:135:16
    at process._tickCallback (internal/process/next_tick.js:61:11)
TypeError: Cannot read property '_id' of undefined
    at tag.save (/home/historyadmin/Amazon_Scraper_King/backend/controllers/extension.js:196:61)
    at /home/historyadmin/Amazon_Scraper_King/backend/node_modules/mongoose/lib/model.js:4832:16
    at /home/historyadmin/Amazon_Scraper_King/backend/node_modules/mongoose/lib/helpers/promiseOrCallback.js:16:11
    at /home/historyadmin/Amazon_Scraper_King/backend/node_modules/mongoose/lib/model.js:4855:21
    at $__save.error (/home/historyadmin/Amazon_Scraper_King/backend/node_modules/mongoose/lib/model.js:494:16)
    at /home/historyadmin/Amazon_Scraper_King/backend/node_modules/kareem/index.js:246:48
    at next (/home/historyadmin/Amazon_Scraper_King/backend/node_modules/kareem/index.js:167:27)
    at next (/home/historyadmin/Amazon_Scraper_King/backend/node_modules/kareem/index.js:169:9)
    at Kareem.execPost (/home/historyadmin/Amazon_Scraper_King/backend/node_modules/kareem/index.js:217:3)
    at _handleWrapError (/home/historyadmin/Amazon_Scraper_King/backend/node_modules/kareem/index.js:245:21)
    at _cb (/home/historyadmin/Amazon_Scraper_King/backend/node_modules/kareem/index.js:304:16)
    at hooks.execPost (/home/historyadmin/Amazon_Scraper_King/backend/node_modules/mongoose/lib/model.js:344:9)
    at /home/historyadmin/Amazon_Scraper_King/backend/node_modules/kareem/index.js:135:16
    at process._tickCallback (internal/process/next_tick.js:61:11)
TypeError: Cannot read property '_id' of undefined
    at tag.save (/home/historyadmin/Amazon_Scraper_King/backend/controllers/extension.js:196:61)
    at /home/historyadmin/Amazon_Scraper_King/backend/node_modules/mongoose/lib/model.js:4832:16
    at /home/historyadmin/Amazon_Scraper_King/backend/node_modules/mongoose/lib/helpers/promiseOrCallback.js:16:11
    at /home/historyadmin/Amazon_Scraper_King/backend/node_modules/mongoose/lib/model.js:4855:21
    at $__save.error (/home/historyadmin/Amazon_Scraper_King/backend/node_modules/mongoose/lib/model.js:494:16)
    at /home/historyadmin/Amazon_Scraper_King/backend/node_modules/kareem/index.js:246:48
    at next (/home/historyadmin/Amazon_Scraper_King/backend/node_modules/kareem/index.js:167:27)
    at next (/home/historyadmin/Amazon_Scraper_King/backend/node_modules/kareem/index.js:169:9)
    at Kareem.execPost (/home/historyadmin/Amazon_Scraper_King/backend/node_modules/kareem/index.js:217:3)
    at _handleWrapError (/home/historyadmin/Amazon_Scraper_King/backend/node_modules/kareem/index.js:245:21)
    at _cb (/home/historyadmin/Amazon_Scraper_King/backend/node_modules/kareem/index.js:304:16)
    at hooks.execPost (/home/historyadmin/Amazon_Scraper_King/backend/node_modules/mongoose/lib/model.js:344:9)
    at /home/historyadmin/Amazon_Scraper_King/backend/node_modules/kareem/index.js:135:16
    at process._tickCallback (internal/process/next_tick.js:61:11)
TypeError: Cannot read property '_id' of undefined
    at tag.save (/home/historyadmin/Amazon_Scraper_King/backend/controllers/extension.js:196:61)
    at /home/historyadmin/Amazon_Scraper_King/backend/node_modules/mongoose/lib/model.js:4832:16
    at /home/historyadmin/Amazon_Scraper_King/backend/node_modules/mongoose/lib/helpers/promiseOrCallback.js:16:11
    at /home/historyadmin/Amazon_Scraper_King/backend/node_modules/mongoose/lib/model.js:4855:21
    at $__save.error (/home/historyadmin/Amazon_Scraper_King/backend/node_modules/mongoose/lib/model.js:494:16)
    at /home/historyadmin/Amazon_Scraper_King/backend/node_modules/kareem/index.js:246:48
    at next (/home/historyadmin/Amazon_Scraper_King/backend/node_modules/kareem/index.js:167:27)
    at next (/home/historyadmin/Amazon_Scraper_King/backend/node_modules/kareem/index.js:169:9)
    at Kareem.execPost (/home/historyadmin/Amazon_Scraper_King/backend/node_modules/kareem/index.js:217:3)
    at _handleWrapError (/home/historyadmin/Amazon_Scraper_King/backend/node_modules/kareem/index.js:245:21)
    at _cb (/home/historyadmin/Amazon_Scraper_King/backend/node_modules/kareem/index.js:304:16)
    at hooks.execPost (/home/historyadmin/Amazon_Scraper_King/backend/node_modules/mongoose/lib/model.js:344:9)
    at /home/historyadmin/Amazon_Scraper_King/backend/node_modules/kareem/index.js:135:16
    at process._tickCallback (internal/process/next_tick.js:61:11)
TypeError: Cannot read property '_id' of undefined
    at tag.save (/home/historyadmin/Amazon_Scraper_King/backend/controllers/extension.js:196:61)
    at /home/historyadmin/Amazon_Scraper_King/backend/node_modules/mongoose/lib/model.js:4832:16
    at /home/historyadmin/Amazon_Scraper_King/backend/node_modules/mongoose/lib/helpers/promiseOrCallback.js:16:11
    at /home/historyadmin/Amazon_Scraper_King/backend/node_modules/mongoose/lib/model.js:4855:21
    at $__save.error (/home/historyadmin/Amazon_Scraper_King/backend/node_modules/mongoose/lib/model.js:494:16)
    at /home/historyadmin/Amazon_Scraper_King/backend/node_modules/kareem/index.js:246:48
    at next (/home/historyadmin/Amazon_Scraper_King/backend/node_modules/kareem/index.js:167:27)
    at next (/home/historyadmin/Amazon_Scraper_King/backend/node_modules/kareem/index.js:169:9)
    at Kareem.execPost (/home/historyadmin/Amazon_Scraper_King/backend/node_modules/kareem/index.js:217:3)
    at _handleWrapError (/home/historyadmin/Amazon_Scraper_King/backend/node_modules/kareem/index.js:245:21)
    at _cb (/home/historyadmin/Amazon_Scraper_King/backend/node_modules/kareem/index.js:304:16)
    at hooks.execPost (/home/historyadmin/Amazon_Scraper_King/backend/node_modules/mongoose/lib/model.js:344:9)
    at /home/historyadmin/Amazon_Scraper_King/backend/node_modules/kareem/index.js:135:16
    at process._tickCallback (internal/process/next_tick.js:61:11)
TypeError: Cannot read property '_id' of undefined
    at tag.save (/home/historyadmin/Amazon_Scraper_King/backend/controllers/extension.js:196:61)
    at /home/historyadmin/Amazon_Scraper_King/backend/node_modules/mongoose/lib/model.js:4832:16
    at /home/historyadmin/Amazon_Scraper_King/backend/node_modules/mongoose/lib/helpers/promiseOrCallback.js:16:11
    at /home/historyadmin/Amazon_Scraper_King/backend/node_modules/mongoose/lib/model.js:4855:21
    at $__save.error (/home/historyadmin/Amazon_Scraper_King/backend/node_modules/mongoose/lib/model.js:494:16)
    at /home/historyadmin/Amazon_Scraper_King/backend/node_modules/kareem/index.js:246:48
    at next (/home/historyadmin/Amazon_Scraper_King/backend/node_modules/kareem/index.js:167:27)
    at next (/home/historyadmin/Amazon_Scraper_King/backend/node_modules/kareem/index.js:169:9)
    at Kareem.execPost (/home/historyadmin/Amazon_Scraper_King/backend/node_modules/kareem/index.js:217:3)
    at _handleWrapError (/home/historyadmin/Amazon_Scraper_King/backend/node_modules/kareem/index.js:245:21)
    at _cb (/home/historyadmin/Amazon_Scraper_King/backend/node_modules/kareem/index.js:304:16)
    at hooks.execPost (/home/historyadmin/Amazon_Scraper_King/backend/node_modules/mongoose/lib/model.js:344:9)
    at /home/historyadmin/Amazon_Scraper_King/backend/node_modules/kareem/index.js:135:16
    at process._tickCallback (internal/process/next_tick.js:61:11)
TypeError: Cannot read property '_id' of undefined
    at tag.save (/home/historyadmin/Amazon_Scraper_King/backend/controllers/extension.js:196:61)
    at /home/historyadmin/Amazon_Scraper_King/backend/node_modules/mongoose/lib/model.js:4832:16
    at /home/historyadmin/Amazon_Scraper_King/backend/node_modules/mongoose/lib/helpers/promiseOrCallback.js:16:11
    at /home/historyadmin/Amazon_Scraper_King/backend/node_modules/mongoose/lib/model.js:4855:21
    at $__save.error (/home/historyadmin/Amazon_Scraper_King/backend/node_modules/mongoose/lib/model.js:494:16)
    at /home/historyadmin/Amazon_Scraper_King/backend/node_modules/kareem/index.js:246:48
    at next (/home/historyadmin/Amazon_Scraper_King/backend/node_modules/kareem/index.js:167:27)
    at next (/home/historyadmin/Amazon_Scraper_King/backend/node_modules/kareem/index.js:169:9)
    at Kareem.execPost (/home/historyadmin/Amazon_Scraper_King/backend/node_modules/kareem/index.js:217:3)
    at _handleWrapError (/home/historyadmin/Amazon_Scraper_King/backend/node_modules/kareem/index.js:245:21)
    at _cb (/home/historyadmin/Amazon_Scraper_King/backend/node_modules/kareem/index.js:304:16)
    at hooks.execPost (/home/historyadmin/Amazon_Scraper_King/backend/node_modules/mongoose/lib/model.js:344:9)
    at /home/historyadmin/Amazon_Scraper_King/backend/node_modules/kareem/index.js:135:16
    at process._tickCallback (internal/process/next_tick.js:61:11)
TypeError: Cannot read property '_id' of undefined
    at tag.save (/home/historyadmin/Amazon_Scraper_King/backend/controllers/extension.js:196:61)
    at /home/historyadmin/Amazon_Scraper_King/backend/node_modules/mongoose/lib/model.js:4832:16
    at /home/historyadmin/Amazon_Scraper_King/backend/node_modules/mongoose/lib/helpers/promiseOrCallback.js:16:11
    at /home/historyadmin/Amazon_Scraper_King/backend/node_modules/mongoose/lib/model.js:4855:21
    at $__save.error (/home/historyadmin/Amazon_Scraper_King/backend/node_modules/mongoose/lib/model.js:494:16)
    at /home/historyadmin/Amazon_Scraper_King/backend/node_modules/kareem/index.js:246:48
    at next (/home/historyadmin/Amazon_Scraper_King/backend/node_modules/kareem/index.js:167:27)
    at next (/home/historyadmin/Amazon_Scraper_King/backend/node_modules/kareem/index.js:169:9)
    at Kareem.execPost (/home/historyadmin/Amazon_Scraper_King/backend/node_modules/kareem/index.js:217:3)
    at _handleWrapError (/home/historyadmin/Amazon_Scraper_King/backend/node_modules/kareem/index.js:245:21)
    at _cb (/home/historyadmin/Amazon_Scraper_King/backend/node_modules/kareem/index.js:304:16)
    at hooks.execPost (/home/historyadmin/Amazon_Scraper_King/backend/node_modules/mongoose/lib/model.js:344:9)
    at /home/historyadmin/Amazon_Scraper_King/backend/node_modules/kareem/index.js:135:16
    at process._tickCallback (internal/process/next_tick.js:61:11)
TypeError: Cannot read property 'toLowerCase' of undefined
    at exports.read (/home/historyadmin/Amazon_Scraper_King/backend/controllers/tag.js:37:17)
    at Layer.handle [as handle_request] (/home/historyadmin/Amazon_Scraper_King/backend/node_modules/express/lib/router/layer.js:95:5)
    at next (/home/historyadmin/Amazon_Scraper_King/backend/node_modules/express/lib/router/route.js:137:13)
    at Route.dispatch (/home/historyadmin/Amazon_Scraper_King/backend/node_modules/express/lib/router/route.js:112:3)
    at Layer.handle [as handle_request] (/home/historyadmin/Amazon_Scraper_King/backend/node_modules/express/lib/router/layer.js:95:5)
    at /home/historyadmin/Amazon_Scraper_King/backend/node_modules/express/lib/router/index.js:281:22
    at Function.process_params (/home/historyadmin/Amazon_Scraper_King/backend/node_modules/express/lib/router/index.js:335:12)
    at next (/home/historyadmin/Amazon_Scraper_King/backend/node_modules/express/lib/router/index.js:275:10)
    at Function.handle (/home/historyadmin/Amazon_Scraper_King/backend/node_modules/express/lib/router/index.js:174:3)
    at router (/home/historyadmin/Amazon_Scraper_King/backend/node_modules/express/lib/router/index.js:47:12)
    at Layer.handle [as handle_request] (/home/historyadmin/Amazon_Scraper_King/backend/node_modules/express/lib/router/layer.js:95:5)
    at trim_prefix (/home/historyadmin/Amazon_Scraper_King/backend/node_modules/express/lib/router/index.js:317:13)
    at /home/historyadmin/Amazon_Scraper_King/backend/node_modules/express/lib/router/index.js:284:7
    at Function.process_params (/home/historyadmin/Amazon_Scraper_King/backend/node_modules/express/lib/router/index.js:335:12)
    at next (/home/historyadmin/Amazon_Scraper_King/backend/node_modules/express/lib/router/index.js:275:10)
    at /home/historyadmin/Amazon_Scraper_King/backend/node_modules/express/lib/router/index.js:635:15
TypeError: Cannot read property '_id' of undefined
    at tag.save (/home/historyadmin/Amazon_Scraper_King/backend/controllers/extension.js:196:61)
    at /home/historyadmin/Amazon_Scraper_King/backend/node_modules/mongoose/lib/model.js:4832:16
    at /home/historyadmin/Amazon_Scraper_King/backend/node_modules/mongoose/lib/helpers/promiseOrCallback.js:16:11
    at /home/historyadmin/Amazon_Scraper_King/backend/node_modules/mongoose/lib/model.js:4855:21
    at $__save.error (/home/historyadmin/Amazon_Scraper_King/backend/node_modules/mongoose/lib/model.js:494:16)
    at /home/historyadmin/Amazon_Scraper_King/backend/node_modules/kareem/index.js:246:48
    at next (/home/historyadmin/Amazon_Scraper_King/backend/node_modules/kareem/index.js:167:27)
    at next (/home/historyadmin/Amazon_Scraper_King/backend/node_modules/kareem/index.js:169:9)
    at Kareem.execPost (/home/historyadmin/Amazon_Scraper_King/backend/node_modules/kareem/index.js:217:3)
    at _handleWrapError (/home/historyadmin/Amazon_Scraper_King/backend/node_modules/kareem/index.js:245:21)
    at _cb (/home/historyadmin/Amazon_Scraper_King/backend/node_modules/kareem/index.js:304:16)
    at hooks.execPost (/home/historyadmin/Amazon_Scraper_King/backend/node_modules/mongoose/lib/model.js:344:9)
    at /home/historyadmin/Amazon_Scraper_King/backend/node_modules/kareem/index.js:135:16
    at process._tickCallback (internal/process/next_tick.js:61:11)
TypeError: Cannot read property '_id' of undefined
    at tag.save (/home/historyadmin/Amazon_Scraper_King/backend/controllers/extension.js:196:61)
    at /home/historyadmin/Amazon_Scraper_King/backend/node_modules/mongoose/lib/model.js:4832:16
    at /home/historyadmin/Amazon_Scraper_King/backend/node_modules/mongoose/lib/helpers/promiseOrCallback.js:16:11
    at /home/historyadmin/Amazon_Scraper_King/backend/node_modules/mongoose/lib/model.js:4855:21
    at $__save.error (/home/historyadmin/Amazon_Scraper_King/backend/node_modules/mongoose/lib/model.js:494:16)
    at /home/historyadmin/Amazon_Scraper_King/backend/node_modules/kareem/index.js:246:48
    at next (/home/historyadmin/Amazon_Scraper_King/backend/node_modules/kareem/index.js:167:27)
    at next (/home/historyadmin/Amazon_Scraper_King/backend/node_modules/kareem/index.js:169:9)
    at Kareem.execPost (/home/historyadmin/Amazon_Scraper_King/backend/node_modules/kareem/index.js:217:3)
    at _handleWrapError (/home/historyadmin/Amazon_Scraper_King/backend/node_modules/kareem/index.js:245:21)
    at _cb (/home/historyadmin/Amazon_Scraper_King/backend/node_modules/kareem/index.js:304:16)
    at hooks.execPost (/home/historyadmin/Amazon_Scraper_King/backend/node_modules/mongoose/lib/model.js:344:9)
    at /home/historyadmin/Amazon_Scraper_King/backend/node_modules/kareem/index.js:135:16
    at process._tickCallback (internal/process/next_tick.js:61:11)
TypeError: Cannot read property '_id' of undefined
    at tag.save (/home/historyadmin/Amazon_Scraper_King/backend/controllers/extension.js:196:61)
    at /home/historyadmin/Amazon_Scraper_King/backend/node_modules/mongoose/lib/model.js:4832:16
    at /home/historyadmin/Amazon_Scraper_King/backend/node_modules/mongoose/lib/helpers/promiseOrCallback.js:16:11
    at /home/historyadmin/Amazon_Scraper_King/backend/node_modules/mongoose/lib/model.js:4855:21
    at $__save.error (/home/historyadmin/Amazon_Scraper_King/backend/node_modules/mongoose/lib/model.js:494:16)
    at /home/historyadmin/Amazon_Scraper_King/backend/node_modules/kareem/index.js:246:48
    at next (/home/historyadmin/Amazon_Scraper_King/backend/node_modules/kareem/index.js:167:27)
    at next (/home/historyadmin/Amazon_Scraper_King/backend/node_modules/kareem/index.js:169:9)
    at Kareem.execPost (/home/historyadmin/Amazon_Scraper_King/backend/node_modules/kareem/index.js:217:3)
    at _handleWrapError (/home/historyadmin/Amazon_Scraper_King/backend/node_modules/kareem/index.js:245:21)
    at _cb (/home/historyadmin/Amazon_Scraper_King/backend/node_modules/kareem/index.js:304:16)
    at hooks.execPost (/home/historyadmin/Amazon_Scraper_King/backend/node_modules/mongoose/lib/model.js:344:9)
    at /home/historyadmin/Amazon_Scraper_King/backend/node_modules/kareem/index.js:135:16
    at process._tickCallback (internal/process/next_tick.js:61:11)
TypeError: Cannot read property '_id' of undefined
    at tag.save (/home/historyadmin/Amazon_Scraper_King/backend/controllers/extension.js:196:61)
    at /home/historyadmin/Amazon_Scraper_King/backend/node_modules/mongoose/lib/model.js:4832:16
    at /home/historyadmin/Amazon_Scraper_King/backend/node_modules/mongoose/lib/helpers/promiseOrCallback.js:16:11
    at /home/historyadmin/Amazon_Scraper_King/backend/node_modules/mongoose/lib/model.js:4855:21
    at $__save.error (/home/historyadmin/Amazon_Scraper_King/backend/node_modules/mongoose/lib/model.js:494:16)
    at /home/historyadmin/Amazon_Scraper_King/backend/node_modules/kareem/index.js:246:48
    at next (/home/historyadmin/Amazon_Scraper_King/backend/node_modules/kareem/index.js:167:27)
    at next (/home/historyadmin/Amazon_Scraper_King/backend/node_modules/kareem/index.js:169:9)
    at Kareem.execPost (/home/historyadmin/Amazon_Scraper_King/backend/node_modules/kareem/index.js:217:3)
    at _handleWrapError (/home/historyadmin/Amazon_Scraper_King/backend/node_modules/kareem/index.js:245:21)
    at _cb (/home/historyadmin/Amazon_Scraper_King/backend/node_modules/kareem/index.js:304:16)
    at hooks.execPost (/home/historyadmin/Amazon_Scraper_King/backend/node_modules/mongoose/lib/model.js:344:9)
    at /home/historyadmin/Amazon_Scraper_King/backend/node_modules/kareem/index.js:135:16
    at process._tickCallback (internal/process/next_tick.js:61:11)
TypeError: Cannot read property '_id' of undefined
    at tag.save (/home/historyadmin/Amazon_Scraper_King/backend/controllers/extension.js:196:61)
    at /home/historyadmin/Amazon_Scraper_King/backend/node_modules/mongoose/lib/model.js:4832:16
    at /home/historyadmin/Amazon_Scraper_King/backend/node_modules/mongoose/lib/helpers/promiseOrCallback.js:16:11
    at /home/historyadmin/Amazon_Scraper_King/backend/node_modules/mongoose/lib/model.js:4855:21
    at $__save.error (/home/historyadmin/Amazon_Scraper_King/backend/node_modules/mongoose/lib/model.js:494:16)
    at /home/historyadmin/Amazon_Scraper_King/backend/node_modules/kareem/index.js:246:48
    at next (/home/historyadmin/Amazon_Scraper_King/backend/node_modules/kareem/index.js:167:27)
    at next (/home/historyadmin/Amazon_Scraper_King/backend/node_modules/kareem/index.js:169:9)
    at Kareem.execPost (/home/historyadmin/Amazon_Scraper_King/backend/node_modules/kareem/index.js:217:3)
    at _handleWrapError (/home/historyadmin/Amazon_Scraper_King/backend/node_modules/kareem/index.js:245:21)
    at _cb (/home/historyadmin/Amazon_Scraper_King/backend/node_modules/kareem/index.js:304:16)
    at hooks.execPost (/home/historyadmin/Amazon_Scraper_King/backend/node_modules/mongoose/lib/model.js:344:9)
    at /home/historyadmin/Amazon_Scraper_King/backend/node_modules/kareem/index.js:135:16
    at process._tickCallback (internal/process/next_tick.js:61:11)
TypeError: Cannot read property '_id' of undefined
    at tag.save (/home/historyadmin/Amazon_Scraper_King/backend/controllers/extension.js:196:61)
    at /home/historyadmin/Amazon_Scraper_King/backend/node_modules/mongoose/lib/model.js:4832:16
    at /home/historyadmin/Amazon_Scraper_King/backend/node_modules/mongoose/lib/helpers/promiseOrCallback.js:16:11
    at /home/historyadmin/Amazon_Scraper_King/backend/node_modules/mongoose/lib/model.js:4855:21
    at $__save.error (/home/historyadmin/Amazon_Scraper_King/backend/node_modules/mongoose/lib/model.js:494:16)
    at /home/historyadmin/Amazon_Scraper_King/backend/node_modules/kareem/index.js:246:48
    at next (/home/historyadmin/Amazon_Scraper_King/backend/node_modules/kareem/index.js:167:27)
    at next (/home/historyadmin/Amazon_Scraper_King/backend/node_modules/kareem/index.js:169:9)
    at Kareem.execPost (/home/historyadmin/Amazon_Scraper_King/backend/node_modules/kareem/index.js:217:3)
    at _handleWrapError (/home/historyadmin/Amazon_Scraper_King/backend/node_modules/kareem/index.js:245:21)
    at _cb (/home/historyadmin/Amazon_Scraper_King/backend/node_modules/kareem/index.js:304:16)
    at hooks.execPost (/home/historyadmin/Amazon_Scraper_King/backend/node_modules/mongoose/lib/model.js:344:9)
    at /home/historyadmin/Amazon_Scraper_King/backend/node_modules/kareem/index.js:135:16
    at process._tickCallback (internal/process/next_tick.js:61:11)
TypeError: Cannot read property '_id' of undefined
    at tag.save (/home/historyadmin/Amazon_Scraper_King/backend/controllers/extension.js:196:61)
    at /home/historyadmin/Amazon_Scraper_King/backend/node_modules/mongoose/lib/model.js:4832:16
    at /home/historyadmin/Amazon_Scraper_King/backend/node_modules/mongoose/lib/helpers/promiseOrCallback.js:16:11
    at /home/historyadmin/Amazon_Scraper_King/backend/node_modules/mongoose/lib/model.js:4855:21
    at $__save.error (/home/historyadmin/Amazon_Scraper_King/backend/node_modules/mongoose/lib/model.js:494:16)
    at /home/historyadmin/Amazon_Scraper_King/backend/node_modules/kareem/index.js:246:48
    at next (/home/historyadmin/Amazon_Scraper_King/backend/node_modules/kareem/index.js:167:27)
    at next (/home/historyadmin/Amazon_Scraper_King/backend/node_modules/kareem/index.js:169:9)
    at Kareem.execPost (/home/historyadmin/Amazon_Scraper_King/backend/node_modules/kareem/index.js:217:3)
    at _handleWrapError (/home/historyadmin/Amazon_Scraper_King/backend/node_modules/kareem/index.js:245:21)
    at _cb (/home/historyadmin/Amazon_Scraper_King/backend/node_modules/kareem/index.js:304:16)
    at hooks.execPost (/home/historyadmin/Amazon_Scraper_King/backend/node_modules/mongoose/lib/model.js:344:9)
    at /home/historyadmin/Amazon_Scraper_King/backend/node_modules/kareem/index.js:135:16
    at process._tickCallback (internal/process/next_tick.js:61:11)
TypeError: Cannot read property '_id' of undefined
    at tag.save (/home/historyadmin/Amazon_Scraper_King/backend/controllers/extension.js:196:61)
    at /home/historyadmin/Amazon_Scraper_King/backend/node_modules/mongoose/lib/model.js:4832:16
    at /home/historyadmin/Amazon_Scraper_King/backend/node_modules/mongoose/lib/helpers/promiseOrCallback.js:16:11
    at /home/historyadmin/Amazon_Scraper_King/backend/node_modules/mongoose/lib/model.js:4855:21
    at $__save.error (/home/historyadmin/Amazon_Scraper_King/backend/node_modules/mongoose/lib/model.js:494:16)
    at /home/historyadmin/Amazon_Scraper_King/backend/node_modules/kareem/index.js:246:48
    at next (/home/historyadmin/Amazon_Scraper_King/backend/node_modules/kareem/index.js:167:27)
    at next (/home/historyadmin/Amazon_Scraper_King/backend/node_modules/kareem/index.js:169:9)
    at Kareem.execPost (/home/historyadmin/Amazon_Scraper_King/backend/node_modules/kareem/index.js:217:3)
    at _handleWrapError (/home/historyadmin/Amazon_Scraper_King/backend/node_modules/kareem/index.js:245:21)
    at _cb (/home/historyadmin/Amazon_Scraper_King/backend/node_modules/kareem/index.js:304:16)
    at hooks.execPost (/home/historyadmin/Amazon_Scraper_King/backend/node_modules/mongoose/lib/model.js:344:9)
    at /home/historyadmin/Amazon_Scraper_King/backend/node_modules/kareem/index.js:135:16
    at process._tickCallback (internal/process/next_tick.js:61:11)
TypeError: Cannot read property '_id' of undefined
    at tag.save (/home/historyadmin/Amazon_Scraper_King/backend/controllers/extension.js:196:61)
    at /home/historyadmin/Amazon_Scraper_King/backend/node_modules/mongoose/lib/model.js:4832:16
    at /home/historyadmin/Amazon_Scraper_King/backend/node_modules/mongoose/lib/helpers/promiseOrCallback.js:16:11
    at /home/historyadmin/Amazon_Scraper_King/backend/node_modules/mongoose/lib/model.js:4855:21
    at $__save.error (/home/historyadmin/Amazon_Scraper_King/backend/node_modules/mongoose/lib/model.js:494:16)
    at /home/historyadmin/Amazon_Scraper_King/backend/node_modules/kareem/index.js:246:48
    at next (/home/historyadmin/Amazon_Scraper_King/backend/node_modules/kareem/index.js:167:27)
    at next (/home/historyadmin/Amazon_Scraper_King/backend/node_modules/kareem/index.js:169:9)
    at Kareem.execPost (/home/historyadmin/Amazon_Scraper_King/backend/node_modules/kareem/index.js:217:3)
    at _handleWrapError (/home/historyadmin/Amazon_Scraper_King/backend/node_modules/kareem/index.js:245:21)
    at _cb (/home/historyadmin/Amazon_Scraper_King/backend/node_modules/kareem/index.js:304:16)
    at hooks.execPost (/home/historyadmin/Amazon_Scraper_King/backend/node_modules/mongoose/lib/model.js:344:9)
    at /home/historyadmin/Amazon_Scraper_King/backend/node_modules/kareem/index.js:135:16
    at process._tickCallback (internal/process/next_tick.js:61:11)
TypeError: Cannot read property '_id' of undefined
    at tag.save (/home/historyadmin/Amazon_Scraper_King/backend/controllers/extension.js:196:61)
    at /home/historyadmin/Amazon_Scraper_King/backend/node_modules/mongoose/lib/model.js:4832:16
    at /home/historyadmin/Amazon_Scraper_King/backend/node_modules/mongoose/lib/helpers/promiseOrCallback.js:16:11
    at /home/historyadmin/Amazon_Scraper_King/backend/node_modules/mongoose/lib/model.js:4855:21
    at $__save.error (/home/historyadmin/Amazon_Scraper_King/backend/node_modules/mongoose/lib/model.js:494:16)
    at /home/historyadmin/Amazon_Scraper_King/backend/node_modules/kareem/index.js:246:48
    at next (/home/historyadmin/Amazon_Scraper_King/backend/node_modules/kareem/index.js:167:27)
    at next (/home/historyadmin/Amazon_Scraper_King/backend/node_modules/kareem/index.js:169:9)
    at Kareem.execPost (/home/historyadmin/Amazon_Scraper_King/backend/node_modules/kareem/index.js:217:3)
    at _handleWrapError (/home/historyadmin/Amazon_Scraper_King/backend/node_modules/kareem/index.js:245:21)
    at _cb (/home/historyadmin/Amazon_Scraper_King/backend/node_modules/kareem/index.js:304:16)
    at hooks.execPost (/home/historyadmin/Amazon_Scraper_King/backend/node_modules/mongoose/lib/model.js:344:9)
    at /home/historyadmin/Amazon_Scraper_King/backend/node_modules/kareem/index.js:135:16
    at process._tickCallback (internal/process/next_tick.js:61:11)
TypeError: Cannot read property '_id' of undefined
    at tag.save (/home/historyadmin/Amazon_Scraper_King/backend/controllers/extension.js:196:61)
    at /home/historyadmin/Amazon_Scraper_King/backend/node_modules/mongoose/lib/model.js:4832:16
    at /home/historyadmin/Amazon_Scraper_King/backend/node_modules/mongoose/lib/helpers/promiseOrCallback.js:16:11
    at /home/historyadmin/Amazon_Scraper_King/backend/node_modules/mongoose/lib/model.js:4855:21
    at $__save.error (/home/historyadmin/Amazon_Scraper_King/backend/node_modules/mongoose/lib/model.js:494:16)
    at /home/historyadmin/Amazon_Scraper_King/backend/node_modules/kareem/index.js:246:48
    at next (/home/historyadmin/Amazon_Scraper_King/backend/node_modules/kareem/index.js:167:27)
    at next (/home/historyadmin/Amazon_Scraper_King/backend/node_modules/kareem/index.js:169:9)
    at Kareem.execPost (/home/historyadmin/Amazon_Scraper_King/backend/node_modules/kareem/index.js:217:3)
    at _handleWrapError (/home/historyadmin/Amazon_Scraper_King/backend/node_modules/kareem/index.js:245:21)
    at _cb (/home/historyadmin/Amazon_Scraper_King/backend/node_modules/kareem/index.js:304:16)
    at hooks.execPost (/home/historyadmin/Amazon_Scraper_King/backend/node_modules/mongoose/lib/model.js:344:9)
    at /home/historyadmin/Amazon_Scraper_King/backend/node_modules/kareem/index.js:135:16
    at process._tickCallback (internal/process/next_tick.js:61:11)
TypeError: Cannot read property '_id' of undefined
    at tag.save (/home/historyadmin/Amazon_Scraper_King/backend/controllers/extension.js:196:61)
    at /home/historyadmin/Amazon_Scraper_King/backend/node_modules/mongoose/lib/model.js:4832:16
    at /home/historyadmin/Amazon_Scraper_King/backend/node_modules/mongoose/lib/helpers/promiseOrCallback.js:16:11
    at /home/historyadmin/Amazon_Scraper_King/backend/node_modules/mongoose/lib/model.js:4855:21
    at $__save.error (/home/historyadmin/Amazon_Scraper_King/backend/node_modules/mongoose/lib/model.js:494:16)
    at /home/historyadmin/Amazon_Scraper_King/backend/node_modules/kareem/index.js:246:48
    at next (/home/historyadmin/Amazon_Scraper_King/backend/node_modules/kareem/index.js:167:27)
    at next (/home/historyadmin/Amazon_Scraper_King/backend/node_modules/kareem/index.js:169:9)
    at Kareem.execPost (/home/historyadmin/Amazon_Scraper_King/backend/node_modules/kareem/index.js:217:3)
    at _handleWrapError (/home/historyadmin/Amazon_Scraper_King/backend/node_modules/kareem/index.js:245:21)
    at _cb (/home/historyadmin/Amazon_Scraper_King/backend/node_modules/kareem/index.js:304:16)
    at hooks.execPost (/home/historyadmin/Amazon_Scraper_King/backend/node_modules/mongoose/lib/model.js:344:9)
    at /home/historyadmin/Amazon_Scraper_King/backend/node_modules/kareem/index.js:135:16
    at process._tickCallback (internal/process/next_tick.js:61:11)
TypeError: Cannot read property '_id' of undefined
    at tag.save (/home/historyadmin/Amazon_Scraper_King/backend/controllers/extension.js:196:61)
    at /home/historyadmin/Amazon_Scraper_King/backend/node_modules/mongoose/lib/model.js:4832:16
    at /home/historyadmin/Amazon_Scraper_King/backend/node_modules/mongoose/lib/helpers/promiseOrCallback.js:16:11
    at /home/historyadmin/Amazon_Scraper_King/backend/node_modules/mongoose/lib/model.js:4855:21
    at $__save.error (/home/historyadmin/Amazon_Scraper_King/backend/node_modules/mongoose/lib/model.js:494:16)
    at /home/historyadmin/Amazon_Scraper_King/backend/node_modules/kareem/index.js:246:48
    at next (/home/historyadmin/Amazon_Scraper_King/backend/node_modules/kareem/index.js:167:27)
    at next (/home/historyadmin/Amazon_Scraper_King/backend/node_modules/kareem/index.js:169:9)
    at Kareem.execPost (/home/historyadmin/Amazon_Scraper_King/backend/node_modules/kareem/index.js:217:3)
    at _handleWrapError (/home/historyadmin/Amazon_Scraper_King/backend/node_modules/kareem/index.js:245:21)
    at _cb (/home/historyadmin/Amazon_Scraper_King/backend/node_modules/kareem/index.js:304:16)
    at hooks.execPost (/home/historyadmin/Amazon_Scraper_King/backend/node_modules/mongoose/lib/model.js:344:9)
    at /home/historyadmin/Amazon_Scraper_King/backend/node_modules/kareem/index.js:135:16
    at process._tickCallback (internal/process/next_tick.js:61:11)
TypeError: Cannot read property '_id' of undefined
    at tag.save (/home/historyadmin/Amazon_Scraper_King/backend/controllers/extension.js:196:61)
    at /home/historyadmin/Amazon_Scraper_King/backend/node_modules/mongoose/lib/model.js:4832:16
    at /home/historyadmin/Amazon_Scraper_King/backend/node_modules/mongoose/lib/helpers/promiseOrCallback.js:16:11
    at /home/historyadmin/Amazon_Scraper_King/backend/node_modules/mongoose/lib/model.js:4855:21
    at $__save.error (/home/historyadmin/Amazon_Scraper_King/backend/node_modules/mongoose/lib/model.js:494:16)
    at /home/historyadmin/Amazon_Scraper_King/backend/node_modules/kareem/index.js:246:48
    at next (/home/historyadmin/Amazon_Scraper_King/backend/node_modules/kareem/index.js:167:27)
    at next (/home/historyadmin/Amazon_Scraper_King/backend/node_modules/kareem/index.js:169:9)
    at Kareem.execPost (/home/historyadmin/Amazon_Scraper_King/backend/node_modules/kareem/index.js:217:3)
    at _handleWrapError (/home/historyadmin/Amazon_Scraper_King/backend/node_modules/kareem/index.js:245:21)
    at _cb (/home/historyadmin/Amazon_Scraper_King/backend/node_modules/kareem/index.js:304:16)
    at hooks.execPost (/home/historyadmin/Amazon_Scraper_King/backend/node_modules/mongoose/lib/model.js:344:9)
    at /home/historyadmin/Amazon_Scraper_King/backend/node_modules/kareem/index.js:135:16
    at process._tickCallback (internal/process/next_tick.js:61:11)
TypeError: Cannot read property '_id' of undefined
    at tag.save (/home/historyadmin/Amazon_Scraper_King/backend/controllers/extension.js:196:61)
    at /home/historyadmin/Amazon_Scraper_King/backend/node_modules/mongoose/lib/model.js:4832:16
    at /home/historyadmin/Amazon_Scraper_King/backend/node_modules/mongoose/lib/helpers/promiseOrCallback.js:16:11
    at /home/historyadmin/Amazon_Scraper_King/backend/node_modules/mongoose/lib/model.js:4855:21
    at $__save.error (/home/historyadmin/Amazon_Scraper_King/backend/node_modules/mongoose/lib/model.js:494:16)
    at /home/historyadmin/Amazon_Scraper_King/backend/node_modules/kareem/index.js:246:48
    at next (/home/historyadmin/Amazon_Scraper_King/backend/node_modules/kareem/index.js:167:27)
    at next (/home/historyadmin/Amazon_Scraper_King/backend/node_modules/kareem/index.js:169:9)
    at Kareem.execPost (/home/historyadmin/Amazon_Scraper_King/backend/node_modules/kareem/index.js:217:3)
    at _handleWrapError (/home/historyadmin/Amazon_Scraper_King/backend/node_modules/kareem/index.js:245:21)
    at _cb (/home/historyadmin/Amazon_Scraper_King/backend/node_modules/kareem/index.js:304:16)
    at hooks.execPost (/home/historyadmin/Amazon_Scraper_King/backend/node_modules/mongoose/lib/model.js:344:9)
    at /home/historyadmin/Amazon_Scraper_King/backend/node_modules/kareem/index.js:135:16
    at process._tickCallback (internal/process/next_tick.js:61:11)
TypeError: Cannot read property '_id' of undefined
    at tag.save (/home/historyadmin/Amazon_Scraper_King/backend/controllers/extension.js:196:61)
    at /home/historyadmin/Amazon_Scraper_King/backend/node_modules/mongoose/lib/model.js:4832:16
    at /home/historyadmin/Amazon_Scraper_King/backend/node_modules/mongoose/lib/helpers/promiseOrCallback.js:16:11
    at /home/historyadmin/Amazon_Scraper_King/backend/node_modules/mongoose/lib/model.js:4855:21
    at $__save.error (/home/historyadmin/Amazon_Scraper_King/backend/node_modules/mongoose/lib/model.js:494:16)
    at /home/historyadmin/Amazon_Scraper_King/backend/node_modules/kareem/index.js:246:48
    at next (/home/historyadmin/Amazon_Scraper_King/backend/node_modules/kareem/index.js:167:27)
    at next (/home/historyadmin/Amazon_Scraper_King/backend/node_modules/kareem/index.js:169:9)
    at Kareem.execPost (/home/historyadmin/Amazon_Scraper_King/backend/node_modules/kareem/index.js:217:3)
    at _handleWrapError (/home/historyadmin/Amazon_Scraper_King/backend/node_modules/kareem/index.js:245:21)
    at _cb (/home/historyadmin/Amazon_Scraper_King/backend/node_modules/kareem/index.js:304:16)
    at hooks.execPost (/home/historyadmin/Amazon_Scraper_King/backend/node_modules/mongoose/lib/model.js:344:9)
    at /home/historyadmin/Amazon_Scraper_King/backend/node_modules/kareem/index.js:135:16
    at process._tickCallback (internal/process/next_tick.js:61:11)
TypeError: Cannot read property '_id' of undefined
    at tag.save (/home/historyadmin/Amazon_Scraper_King/backend/controllers/extension.js:196:61)
    at /home/historyadmin/Amazon_Scraper_King/backend/node_modules/mongoose/lib/model.js:4832:16
    at /home/historyadmin/Amazon_Scraper_King/backend/node_modules/mongoose/lib/helpers/promiseOrCallback.js:16:11
    at /home/historyadmin/Amazon_Scraper_King/backend/node_modules/mongoose/lib/model.js:4855:21
    at $__save.error (/home/historyadmin/Amazon_Scraper_King/backend/node_modules/mongoose/lib/model.js:494:16)
    at /home/historyadmin/Amazon_Scraper_King/backend/node_modules/kareem/index.js:246:48
    at next (/home/historyadmin/Amazon_Scraper_King/backend/node_modules/kareem/index.js:167:27)
    at next (/home/historyadmin/Amazon_Scraper_King/backend/node_modules/kareem/index.js:169:9)
    at Kareem.execPost (/home/historyadmin/Amazon_Scraper_King/backend/node_modules/kareem/index.js:217:3)
    at _handleWrapError (/home/historyadmin/Amazon_Scraper_King/backend/node_modules/kareem/index.js:245:21)
    at _cb (/home/historyadmin/Amazon_Scraper_King/backend/node_modules/kareem/index.js:304:16)
    at hooks.execPost (/home/historyadmin/Amazon_Scraper_King/backend/node_modules/mongoose/lib/model.js:344:9)
    at /home/historyadmin/Amazon_Scraper_King/backend/node_modules/kareem/index.js:135:16
    at process._tickCallback (internal/process/next_tick.js:61:11)
TypeError: Cannot read property '_id' of undefined
    at tag.save (/home/historyadmin/Amazon_Scraper_King/backend/controllers/extension.js:196:61)
    at /home/historyadmin/Amazon_Scraper_King/backend/node_modules/mongoose/lib/model.js:4832:16
    at /home/historyadmin/Amazon_Scraper_King/backend/node_modules/mongoose/lib/helpers/promiseOrCallback.js:16:11
    at /home/historyadmin/Amazon_Scraper_King/backend/node_modules/mongoose/lib/model.js:4855:21
    at $__save.error (/home/historyadmin/Amazon_Scraper_King/backend/node_modules/mongoose/lib/model.js:494:16)
    at /home/historyadmin/Amazon_Scraper_King/backend/node_modules/kareem/index.js:246:48
    at next (/home/historyadmin/Amazon_Scraper_King/backend/node_modules/kareem/index.js:167:27)
    at next (/home/historyadmin/Amazon_Scraper_King/backend/node_modules/kareem/index.js:169:9)
    at Kareem.execPost (/home/historyadmin/Amazon_Scraper_King/backend/node_modules/kareem/index.js:217:3)
    at _handleWrapError (/home/historyadmin/Amazon_Scraper_King/backend/node_modules/kareem/index.js:245:21)
    at _cb (/home/historyadmin/Amazon_Scraper_King/backend/node_modules/kareem/index.js:304:16)
    at hooks.execPost (/home/historyadmin/Amazon_Scraper_King/backend/node_modules/mongoose/lib/model.js:344:9)
    at /home/historyadmin/Amazon_Scraper_King/backend/node_modules/kareem/index.js:135:16
    at process._tickCallback (internal/process/next_tick.js:61:11)
TypeError: Cannot read property '_id' of undefined
    at tag.save (/home/historyadmin/Amazon_Scraper_King/backend/controllers/extension.js:196:61)
    at /home/historyadmin/Amazon_Scraper_King/backend/node_modules/mongoose/lib/model.js:4832:16
    at /home/historyadmin/Amazon_Scraper_King/backend/node_modules/mongoose/lib/helpers/promiseOrCallback.js:16:11
    at /home/historyadmin/Amazon_Scraper_King/backend/node_modules/mongoose/lib/model.js:4855:21
    at $__save.error (/home/historyadmin/Amazon_Scraper_King/backend/node_modules/mongoose/lib/model.js:494:16)
    at /home/historyadmin/Amazon_Scraper_King/backend/node_modules/kareem/index.js:246:48
    at next (/home/historyadmin/Amazon_Scraper_King/backend/node_modules/kareem/index.js:167:27)
    at next (/home/historyadmin/Amazon_Scraper_King/backend/node_modules/kareem/index.js:169:9)
    at Kareem.execPost (/home/historyadmin/Amazon_Scraper_King/backend/node_modules/kareem/index.js:217:3)
    at _handleWrapError (/home/historyadmin/Amazon_Scraper_King/backend/node_modules/kareem/index.js:245:21)
    at _cb (/home/historyadmin/Amazon_Scraper_King/backend/node_modules/kareem/index.js:304:16)
    at hooks.execPost (/home/historyadmin/Amazon_Scraper_King/backend/node_modules/mongoose/lib/model.js:344:9)
    at /home/historyadmin/Amazon_Scraper_King/backend/node_modules/kareem/index.js:135:16
    at process._tickCallback (internal/process/next_tick.js:61:11)
TypeError: Cannot read property '_id' of undefined
    at tag.save (/home/historyadmin/Amazon_Scraper_King/backend/controllers/extension.js:196:61)
    at /home/historyadmin/Amazon_Scraper_King/backend/node_modules/mongoose/lib/model.js:4832:16
    at /home/historyadmin/Amazon_Scraper_King/backend/node_modules/mongoose/lib/helpers/promiseOrCallback.js:16:11
    at /home/historyadmin/Amazon_Scraper_King/backend/node_modules/mongoose/lib/model.js:4855:21
    at $__save.error (/home/historyadmin/Amazon_Scraper_King/backend/node_modules/mongoose/lib/model.js:494:16)
    at /home/historyadmin/Amazon_Scraper_King/backend/node_modules/kareem/index.js:246:48
    at next (/home/historyadmin/Amazon_Scraper_King/backend/node_modules/kareem/index.js:167:27)
    at next (/home/historyadmin/Amazon_Scraper_King/backend/node_modules/kareem/index.js:169:9)
    at Kareem.execPost (/home/historyadmin/Amazon_Scraper_King/backend/node_modules/kareem/index.js:217:3)
    at _handleWrapError (/home/historyadmin/Amazon_Scraper_King/backend/node_modules/kareem/index.js:245:21)
    at _cb (/home/historyadmin/Amazon_Scraper_King/backend/node_modules/kareem/index.js:304:16)
    at hooks.execPost (/home/historyadmin/Amazon_Scraper_King/backend/node_modules/mongoose/lib/model.js:344:9)
    at /home/historyadmin/Amazon_Scraper_King/backend/node_modules/kareem/index.js:135:16
    at process._tickCallback (internal/process/next_tick.js:61:11)
TypeError: Cannot read property '_id' of undefined
    at tag.save (/home/historyadmin/Amazon_Scraper_King/backend/controllers/extension.js:196:61)
    at /home/historyadmin/Amazon_Scraper_King/backend/node_modules/mongoose/lib/model.js:4832:16
    at /home/historyadmin/Amazon_Scraper_King/backend/node_modules/mongoose/lib/helpers/promiseOrCallback.js:16:11
    at /home/historyadmin/Amazon_Scraper_King/backend/node_modules/mongoose/lib/model.js:4855:21
    at $__save.error (/home/historyadmin/Amazon_Scraper_King/backend/node_modules/mongoose/lib/model.js:494:16)
    at /home/historyadmin/Amazon_Scraper_King/backend/node_modules/kareem/index.js:246:48
    at next (/home/historyadmin/Amazon_Scraper_King/backend/node_modules/kareem/index.js:167:27)
    at next (/home/historyadmin/Amazon_Scraper_King/backend/node_modules/kareem/index.js:169:9)
    at Kareem.execPost (/home/historyadmin/Amazon_Scraper_King/backend/node_modules/kareem/index.js:217:3)
    at _handleWrapError (/home/historyadmin/Amazon_Scraper_King/backend/node_modules/kareem/index.js:245:21)
    at _cb (/home/historyadmin/Amazon_Scraper_King/backend/node_modules/kareem/index.js:304:16)
    at hooks.execPost (/home/historyadmin/Amazon_Scraper_King/backend/node_modules/mongoose/lib/model.js:344:9)
    at /home/historyadmin/Amazon_Scraper_King/backend/node_modules/kareem/index.js:135:16
    at process._tickCallback (internal/process/next_tick.js:61:11)
TypeError: Cannot read property '_id' of undefined
    at tag.save (/home/historyadmin/Amazon_Scraper_King/backend/controllers/extension.js:196:61)
    at /home/historyadmin/Amazon_Scraper_King/backend/node_modules/mongoose/lib/model.js:4832:16
    at /home/historyadmin/Amazon_Scraper_King/backend/node_modules/mongoose/lib/helpers/promiseOrCallback.js:16:11
    at /home/historyadmin/Amazon_Scraper_King/backend/node_modules/mongoose/lib/model.js:4855:21
    at $__save.error (/home/historyadmin/Amazon_Scraper_King/backend/node_modules/mongoose/lib/model.js:494:16)
    at /home/historyadmin/Amazon_Scraper_King/backend/node_modules/kareem/index.js:246:48
    at next (/home/historyadmin/Amazon_Scraper_King/backend/node_modules/kareem/index.js:167:27)
    at next (/home/historyadmin/Amazon_Scraper_King/backend/node_modules/kareem/index.js:169:9)
    at Kareem.execPost (/home/historyadmin/Amazon_Scraper_King/backend/node_modules/kareem/index.js:217:3)
    at _handleWrapError (/home/historyadmin/Amazon_Scraper_King/backend/node_modules/kareem/index.js:245:21)
    at _cb (/home/historyadmin/Amazon_Scraper_King/backend/node_modules/kareem/index.js:304:16)
    at hooks.execPost (/home/historyadmin/Amazon_Scraper_King/backend/node_modules/mongoose/lib/model.js:344:9)
    at /home/historyadmin/Amazon_Scraper_King/backend/node_modules/kareem/index.js:135:16
    at process._tickCallback (internal/process/next_tick.js:61:11)
TypeError: Cannot read property '_id' of undefined
    at tag.save (/home/historyadmin/Amazon_Scraper_King/backend/controllers/extension.js:196:61)
    at /home/historyadmin/Amazon_Scraper_King/backend/node_modules/mongoose/lib/model.js:4832:16
    at /home/historyadmin/Amazon_Scraper_King/backend/node_modules/mongoose/lib/helpers/promiseOrCallback.js:16:11
    at /home/historyadmin/Amazon_Scraper_King/backend/node_modules/mongoose/lib/model.js:4855:21
    at $__save.error (/home/historyadmin/Amazon_Scraper_King/backend/node_modules/mongoose/lib/model.js:494:16)
    at /home/historyadmin/Amazon_Scraper_King/backend/node_modules/kareem/index.js:246:48
    at next (/home/historyadmin/Amazon_Scraper_King/backend/node_modules/kareem/index.js:167:27)
    at next (/home/historyadmin/Amazon_Scraper_King/backend/node_modules/kareem/index.js:169:9)
    at Kareem.execPost (/home/historyadmin/Amazon_Scraper_King/backend/node_modules/kareem/index.js:217:3)
    at _handleWrapError (/home/historyadmin/Amazon_Scraper_King/backend/node_modules/kareem/index.js:245:21)
    at _cb (/home/historyadmin/Amazon_Scraper_King/backend/node_modules/kareem/index.js:304:16)
    at hooks.execPost (/home/historyadmin/Amazon_Scraper_King/backend/node_modules/mongoose/lib/model.js:344:9)
    at /home/historyadmin/Amazon_Scraper_King/backend/node_modules/kareem/index.js:135:16
    at process._tickCallback (internal/process/next_tick.js:61:11)
(node:21633) DeprecationWarning: current Server Discovery and Monitoring engine is deprecated, and will be removed in a future version. To use the new Server Discover and Monitoring engine, pass option { useUnifiedTopology: true } to the MongoClient constructor.
